#
# There is insufficient memory for the Java Runtime Environment to continue.
# Native memory allocation (malloc) failed to allocate 1065376 bytes for Chunk::new
# Possible reasons:
#   The system is out of physical RAM or swap space
#   The process is running with CompressedOops enabled, and the Java Heap may be blocking the growth of the native heap
# Possible solutions:
#   Reduce memory load on the system
#   Increase physical memory or swap space
#   Check if swap backing store is full
#   Decrease Java heap size (-Xmx/-Xms)
#   Decrease number of Java threads
#   Decrease Java thread stack sizes (-Xss)
#   Set larger code cache with -XX:ReservedCodeCacheSize=
#   JVM is running with Unscaled Compressed Oops mode in which the Java heap is
#     placed in the first 4GB address space. The Java Heap base address is the
#     maximum limit for the native heap growth. Please use -XX:HeapBaseMinAddress
#     to set the Java Heap base and to place the Java Heap above 4GB virtual address.
# This output file may be truncated or incomplete.
#
#  Out of Memory Error (./src/hotspot/share/memory/arena.cpp:197), pid=13968, tid=14024
#
# JRE version: OpenJDK Runtime Environment (11.0.11+9) (build 11.0.11+9-b60-7590822)
# Java VM: OpenJDK 64-Bit Server VM (11.0.11+9-b60-7590822, mixed mode, tiered, compressed oops, g1 gc, windows-amd64)
# No core dump will be written. Minidumps are not enabled by default on client versions of Windows
#

---------------  S U M M A R Y ------------

Command Line: --add-opens=java.base/java.util=ALL-UNNAMED --add-opens=java.base/java.lang=ALL-UNNAMED --add-opens=java.base/java.lang.invoke=ALL-UNNAMED --add-opens=java.base/java.util=ALL-UNNAMED --add-opens=java.prefs/java.util.prefs=ALL-UNNAMED --add-opens=java.prefs/java.util.prefs=ALL-UNNAMED --add-opens=java.base/java.nio.charset=ALL-UNNAMED --add-opens=java.base/java.net=ALL-UNNAMED --add-opens=java.base/java.util.concurrent.atomic=ALL-UNNAMED -Xmx2048m -Dfile.encoding=UTF-8 -Duser.country=US -Duser.language=en -Duser.variant org.gradle.launcher.daemon.bootstrap.GradleDaemon 7.2

Host: Intel(R) Core(TM) i5-6198DU CPU @ 2.30GHz, 4 cores, 7G,  Windows 10 , 64 bit Build 19041 (10.0.19041.1566)
Time: Wed Mar 16 22:54:07 2022 India Standard Time elapsed time: 413.599849 seconds (0d 0h 6m 53s)

---------------  T H R E A D  ---------------

Current thread (0x0000027a47efb000):  JavaThread "C2 CompilerThread0" daemon [_thread_in_native, id=14024, stack(0x000000a852a00000,0x000000a852b00000)]


Current CompileTask:
C2: 413599 16299       4       com.android.utils.XmlUtils::append (647 bytes)

Stack: [0x000000a852a00000,0x000000a852b00000]
Native frames: (J=compiled Java code, j=interpreted, Vv=VM code, C=native code)
V  [jvm.dll+0x5f214a]
V  [jvm.dll+0x726fb5]
V  [jvm.dll+0x7285cd]
V  [jvm.dll+0x728c83]
V  [jvm.dll+0x243278]
V  [jvm.dll+0xbc53c]
V  [jvm.dll+0xbca3c]
V  [jvm.dll+0x2b5c34]
V  [jvm.dll+0x508488]
V  [jvm.dll+0x203d53]
V  [jvm.dll+0x1fdbac]
V  [jvm.dll+0x1fb35f]
V  [jvm.dll+0x183d6c]
V  [jvm.dll+0x209a57]
V  [jvm.dll+0x2082a1]
V  [jvm.dll+0x6ef58f]
V  [jvm.dll+0x6e80b5]
V  [jvm.dll+0x5f1036]
C  [ucrtbase.dll+0x21bb2]
C  [KERNEL32.DLL+0x17034]
C  [ntdll.dll+0x52651]


---------------  P R O C E S S  ---------------

Threads class SMR info:
_java_thread_list=0x0000027a546beb50, length=89, elements={
0x0000027a2c35d800, 0x0000027a47ed0800, 0x0000027a47ed2000, 0x0000027a47eea000,
0x0000027a47eeb000, 0x0000027a47eed000, 0x0000027a47efb000, 0x0000027a47f09000,
0x0000027a47f0c800, 0x0000027a489c0000, 0x0000027a4ae4d000, 0x0000027a4b464800,
0x0000027a4998c800, 0x0000027a47f05000, 0x0000027a47f04000, 0x0000027a47f0b000,
0x0000027a47f06800, 0x0000027a47f07800, 0x0000027a4c1df800, 0x0000027a4c1e6800,
0x0000027a4c1e4800, 0x0000027a4c1e4000, 0x0000027a4c1e3000, 0x0000027a4c1e8000,
0x0000027a4ff02000, 0x0000027a4fefb000, 0x0000027a4feff000, 0x0000027a4fefd000,
0x0000027a4feff800, 0x0000027a4fefc800, 0x0000027a4fefe000, 0x0000027a4fefb800,
0x0000027a4fefa000, 0x0000027a4ff05800, 0x0000027a4ff03000, 0x0000027a4ff00800,
0x0000027a4ff04000, 0x0000027a4ff01800, 0x0000027a4ff08000, 0x0000027a4ff08800,
0x0000027a4c1e5800, 0x0000027a4c1e2000, 0x0000027a4c1e1800, 0x0000027a4c1ea800,
0x0000027a4c1e7000, 0x0000027a4c1ed800, 0x0000027a4c1ee800, 0x0000027a4c1e9800,
0x0000027a47f06000, 0x0000027a47f08800, 0x0000027a47f0a000, 0x0000027a4c43b800,
0x0000027a4c43e000, 0x0000027a4c43f000, 0x0000027a4c43c800, 0x0000027a4c43b000,
0x0000027a4c439800, 0x0000027a4c440000, 0x0000027a4c43a000, 0x0000027a4c43d800,
0x0000027a4c22d000, 0x0000027a4c22d800, 0x0000027a4c231000, 0x0000027a4c22e800,
0x0000027a4c230000, 0x0000027a4c232000, 0x0000027a4c22c000, 0x0000027a4c22f800,
0x0000027a4c232800, 0x0000027a48eab800, 0x0000027a48eac800, 0x0000027a48ead000,
0x0000027a48eaa000, 0x0000027a48eae000, 0x0000027a48eaf000, 0x0000027a48ea9000,
0x0000027a48eaf800, 0x0000027a48eb0800, 0x0000027a48eaa800, 0x0000027a48eb3000,
0x0000027a48eb7000, 0x0000027a48eb1800, 0x0000027a48eb8000, 0x0000027a48eb3800,
0x0000027a48eb2000, 0x0000027a48eb6000, 0x0000027a48eb5800, 0x0000027a4ff06000,
0x0000027a525d7000
}

Java Threads: ( => current thread )
  0x0000027a2c35d800 JavaThread "main" [_thread_blocked, id=3560, stack(0x000000a851e00000,0x000000a851f00000)]
  0x0000027a47ed0800 JavaThread "Reference Handler" daemon [_thread_blocked, id=9460, stack(0x000000a852500000,0x000000a852600000)]
  0x0000027a47ed2000 JavaThread "Finalizer" daemon [_thread_blocked, id=12612, stack(0x000000a852600000,0x000000a852700000)]
  0x0000027a47eea000 JavaThread "Signal Dispatcher" daemon [_thread_blocked, id=8540, stack(0x000000a852700000,0x000000a852800000)]
  0x0000027a47eeb000 JavaThread "Attach Listener" daemon [_thread_blocked, id=1748, stack(0x000000a852800000,0x000000a852900000)]
  0x0000027a47eed000 JavaThread "Service Thread" daemon [_thread_blocked, id=13924, stack(0x000000a852900000,0x000000a852a00000)]
=>0x0000027a47efb000 JavaThread "C2 CompilerThread0" daemon [_thread_in_native, id=14024, stack(0x000000a852a00000,0x000000a852b00000)]
  0x0000027a47f09000 JavaThread "C1 CompilerThread0" daemon [_thread_blocked, id=9068, stack(0x000000a852b00000,0x000000a852c00000)]
  0x0000027a47f0c800 JavaThread "Sweeper thread" daemon [_thread_blocked, id=1224, stack(0x000000a852c00000,0x000000a852d00000)]
  0x0000027a489c0000 JavaThread "Common-Cleaner" daemon [_thread_blocked, id=1548, stack(0x000000a852d00000,0x000000a852e00000)]
  0x0000027a4ae4d000 JavaThread "Daemon health stats" [_thread_blocked, id=13712, stack(0x000000a853200000,0x000000a853300000)]
  0x0000027a4b464800 JavaThread "Incoming local TCP Connector on port 59490" [_thread_in_native, id=13596, stack(0x000000a852f00000,0x000000a853000000)]
  0x0000027a4998c800 JavaThread "Daemon periodic checks" [_thread_blocked, id=6704, stack(0x000000a853300000,0x000000a853400000)]
  0x0000027a47f05000 JavaThread "Cache worker for journal cache (C:\Users\Rahul\.gradle\caches\journal-1)" [_thread_blocked, id=9504, stack(0x000000a853d00000,0x000000a853e00000)]
  0x0000027a47f04000 JavaThread "File lock request listener" [_thread_in_native, id=9584, stack(0x000000a853e00000,0x000000a853f00000)]
  0x0000027a47f0b000 JavaThread "Cache worker for file hash cache (C:\Users\Rahul\.gradle\caches\7.2\fileHashes)" [_thread_blocked, id=10348, stack(0x000000a853f00000,0x000000a854000000)]
  0x0000027a47f06800 JavaThread "File watcher server" daemon [_thread_in_native, id=1264, stack(0x000000a854100000,0x000000a854200000)]
  0x0000027a47f07800 JavaThread "File watcher consumer" daemon [_thread_blocked, id=13064, stack(0x000000a854200000,0x000000a854300000)]
  0x0000027a4c1df800 JavaThread "jar transforms" [_thread_blocked, id=2580, stack(0x000000a854300000,0x000000a854400000)]
  0x0000027a4c1e6800 JavaThread "jar transforms Thread 2" [_thread_blocked, id=5836, stack(0x000000a854400000,0x000000a854500000)]
  0x0000027a4c1e4800 JavaThread "jar transforms Thread 3" [_thread_blocked, id=6600, stack(0x000000a854500000,0x000000a854600000)]
  0x0000027a4c1e4000 JavaThread "jar transforms Thread 4" [_thread_blocked, id=9944, stack(0x000000a854600000,0x000000a854700000)]
  0x0000027a4c1e3000 JavaThread "Cache worker for execution history cache (C:\Users\Rahul\.gradle\caches\7.2\executionHistory)" [_thread_blocked, id=9268, stack(0x000000a854a00000,0x000000a854b00000)]
  0x0000027a4c1e8000 JavaThread "Cache worker for file content cache (C:\Users\Rahul\.gradle\caches\7.2\fileContent)" [_thread_blocked, id=11320, stack(0x000000a854b00000,0x000000a854c00000)]
  0x0000027a4ff02000 JavaThread "Memory manager" [_thread_blocked, id=7024, stack(0x000000a857600000,0x000000a857700000)]
  0x0000027a4fefb000 JavaThread "Daemon Thread 2" [_thread_blocked, id=8024, stack(0x000000a851b00000,0x000000a851c00000)]
  0x0000027a4feff000 JavaThread "Handler for socket connection from /127.0.0.1:59490 to /127.0.0.1:59506" [_thread_in_native, id=10436, stack(0x000000a851c00000,0x000000a851d00000)]
  0x0000027a4fefd000 JavaThread "Cancel handler" [_thread_blocked, id=13644, stack(0x000000a851d00000,0x000000a851e00000)]
  0x0000027a4feff800 JavaThread "Daemon worker Thread 2" [_thread_blocked, id=13492, stack(0x000000a853400000,0x000000a853500000)]
  0x0000027a4fefc800 JavaThread "Asynchronous log dispatcher for DefaultDaemonConnection: socket connection from /127.0.0.1:59490 to /127.0.0.1:59506" [_thread_blocked, id=10656, stack(0x000000a853700000,0x000000a853800000)]
  0x0000027a4fefe000 JavaThread "Stdin handler" [_thread_blocked, id=13268, stack(0x000000a853800000,0x000000a853900000)]
  0x0000027a4fefb800 JavaThread "Daemon client event forwarder" [_thread_blocked, id=10648, stack(0x000000a853900000,0x000000a853a00000)]
  0x0000027a4fefa000 JavaThread "Cache worker for file hash cache (D:\ContactsApp\.gradle\7.2\fileHashes)" [_thread_blocked, id=5216, stack(0x000000a853a00000,0x000000a853b00000)]
  0x0000027a4ff05800 JavaThread "Cache worker for checksums cache (D:\ContactsApp\.gradle\checksums)" [_thread_blocked, id=3768, stack(0x000000a853b00000,0x000000a853c00000)]
  0x0000027a4ff03000 JavaThread "Cache worker for cache directory md-supplier (C:\Users\Rahul\.gradle\caches\7.2\md-supplier)" [_thread_blocked, id=10424, stack(0x000000a854000000,0x000000a854100000)]
  0x0000027a4ff00800 JavaThread "Cache worker for cache directory md-rule (C:\Users\Rahul\.gradle\caches\7.2\md-rule)" [_thread_blocked, id=13456, stack(0x000000a854800000,0x000000a854900000)]
  0x0000027a4ff04000 JavaThread "Cache worker for dependencies-accessors (D:\ContactsApp\.gradle\7.2\dependencies-accessors)" [_thread_blocked, id=13132, stack(0x000000a854900000,0x000000a854a00000)]
  0x0000027a4ff01800 JavaThread "Cache worker for Build Output Cleanup Cache (D:\ContactsApp\.gradle\buildOutputCleanup)" [_thread_blocked, id=9700, stack(0x000000a854c00000,0x000000a854d00000)]
  0x0000027a4ff08000 JavaThread "Unconstrained build operations" [_thread_blocked, id=11976, stack(0x000000a854d00000,0x000000a854e00000)]
  0x0000027a4ff08800 JavaThread "Unconstrained build operations Thread 2" [_thread_blocked, id=14308, stack(0x000000a854e00000,0x000000a854f00000)]
  0x0000027a4c1e5800 JavaThread "Unconstrained build operations Thread 3" [_thread_blocked, id=9136, stack(0x000000a854f00000,0x000000a855000000)]
  0x0000027a4c1e2000 JavaThread "Unconstrained build operations Thread 4" [_thread_blocked, id=9324, stack(0x000000a855000000,0x000000a855100000)]
  0x0000027a4c1e1800 JavaThread "Unconstrained build operations Thread 5" [_thread_blocked, id=12268, stack(0x000000a855100000,0x000000a855200000)]
  0x0000027a4c1ea800 JavaThread "Unconstrained build operations Thread 6" [_thread_blocked, id=1080, stack(0x000000a855200000,0x000000a855300000)]
  0x0000027a4c1e7000 JavaThread "Unconstrained build operations Thread 7" [_thread_blocked, id=12412, stack(0x000000a855300000,0x000000a855400000)]
  0x0000027a4c1ed800 JavaThread "Unconstrained build operations Thread 8" [_thread_blocked, id=8596, stack(0x000000a855400000,0x000000a855500000)]
  0x0000027a4c1ee800 JavaThread "Unconstrained build operations Thread 9" [_thread_blocked, id=7000, stack(0x000000a855500000,0x000000a855600000)]
  0x0000027a4c1e9800 JavaThread "Unconstrained build operations Thread 10" [_thread_blocked, id=12428, stack(0x000000a855600000,0x000000a855700000)]
  0x0000027a47f06000 JavaThread "Unconstrained build operations Thread 11" [_thread_blocked, id=12020, stack(0x000000a855700000,0x000000a855800000)]
  0x0000027a47f08800 JavaThread "Unconstrained build operations Thread 12" [_thread_blocked, id=3944, stack(0x000000a855800000,0x000000a855900000)]
  0x0000027a47f0a000 JavaThread "Unconstrained build operations Thread 13" [_thread_blocked, id=13552, stack(0x000000a855900000,0x000000a855a00000)]
  0x0000027a4c43b800 JavaThread "Unconstrained build operations Thread 14" [_thread_blocked, id=12864, stack(0x000000a855a00000,0x000000a855b00000)]
  0x0000027a4c43e000 JavaThread "Unconstrained build operations Thread 15" [_thread_blocked, id=9976, stack(0x000000a855b00000,0x000000a855c00000)]
  0x0000027a4c43f000 JavaThread "Unconstrained build operations Thread 16" [_thread_blocked, id=13244, stack(0x000000a855c00000,0x000000a855d00000)]
  0x0000027a4c43c800 JavaThread "Unconstrained build operations Thread 17" [_thread_blocked, id=3092, stack(0x000000a855d00000,0x000000a855e00000)]
  0x0000027a4c43b000 JavaThread "Unconstrained build operations Thread 18" [_thread_blocked, id=9764, stack(0x000000a855e00000,0x000000a855f00000)]
  0x0000027a4c439800 JavaThread "Unconstrained build operations Thread 19" [_thread_blocked, id=11504, stack(0x000000a855f00000,0x000000a856000000)]
  0x0000027a4c440000 JavaThread "Unconstrained build operations Thread 20" [_thread_blocked, id=3240, stack(0x000000a856000000,0x000000a856100000)]
  0x0000027a4c43a000 JavaThread "Unconstrained build operations Thread 21" [_thread_blocked, id=13896, stack(0x000000a856100000,0x000000a856200000)]
  0x0000027a4c43d800 JavaThread "Unconstrained build operations Thread 22" [_thread_blocked, id=5108, stack(0x000000a856200000,0x000000a856300000)]
  0x0000027a4c22d000 JavaThread "Unconstrained build operations Thread 23" [_thread_blocked, id=11908, stack(0x000000a856300000,0x000000a856400000)]
  0x0000027a4c22d800 JavaThread "Unconstrained build operations Thread 24" [_thread_blocked, id=12040, stack(0x000000a856400000,0x000000a856500000)]
  0x0000027a4c231000 JavaThread "Unconstrained build operations Thread 25" [_thread_blocked, id=12724, stack(0x000000a856500000,0x000000a856600000)]
  0x0000027a4c22e800 JavaThread "Unconstrained build operations Thread 26" [_thread_blocked, id=11524, stack(0x000000a856600000,0x000000a856700000)]
  0x0000027a4c230000 JavaThread "Unconstrained build operations Thread 27" [_thread_blocked, id=5600, stack(0x000000a856700000,0x000000a856800000)]
  0x0000027a4c232000 JavaThread "Unconstrained build operations Thread 28" [_thread_blocked, id=11004, stack(0x000000a856800000,0x000000a856900000)]
  0x0000027a4c22c000 JavaThread "Unconstrained build operations Thread 29" [_thread_blocked, id=12676, stack(0x000000a856900000,0x000000a856a00000)]
  0x0000027a4c22f800 JavaThread "Unconstrained build operations Thread 30" [_thread_blocked, id=13144, stack(0x000000a856a00000,0x000000a856b00000)]
  0x0000027a4c232800 JavaThread "Unconstrained build operations Thread 31" [_thread_blocked, id=6612, stack(0x000000a856b00000,0x000000a856c00000)]
  0x0000027a48eab800 JavaThread "Unconstrained build operations Thread 32" [_thread_blocked, id=8220, stack(0x000000a856c00000,0x000000a856d00000)]
  0x0000027a48eac800 JavaThread "Unconstrained build operations Thread 33" [_thread_blocked, id=8092, stack(0x000000a856d00000,0x000000a856e00000)]
  0x0000027a48ead000 JavaThread "Unconstrained build operations Thread 34" [_thread_blocked, id=13276, stack(0x000000a856e00000,0x000000a856f00000)]
  0x0000027a48eaa000 JavaThread "Unconstrained build operations Thread 35" [_thread_blocked, id=9568, stack(0x000000a856f00000,0x000000a857000000)]
  0x0000027a48eae000 JavaThread "Unconstrained build operations Thread 36" [_thread_blocked, id=8784, stack(0x000000a857000000,0x000000a857100000)]
  0x0000027a48eaf000 JavaThread "Unconstrained build operations Thread 37" [_thread_blocked, id=1796, stack(0x000000a857100000,0x000000a857200000)]
  0x0000027a48ea9000 JavaThread "Unconstrained build operations Thread 38" [_thread_blocked, id=6268, stack(0x000000a857200000,0x000000a857300000)]
  0x0000027a48eaf800 JavaThread "Unconstrained build operations Thread 39" [_thread_blocked, id=9808, stack(0x000000a857300000,0x000000a857400000)]
  0x0000027a48eb0800 JavaThread "Unconstrained build operations Thread 40" [_thread_blocked, id=10368, stack(0x000000a857400000,0x000000a857500000)]
  0x0000027a48eaa800 JavaThread "build event listener" [_thread_blocked, id=7744, stack(0x000000a857500000,0x000000a857600000)]
  0x0000027a48eb3000 JavaThread "C2 CompilerThread1" daemon [_thread_in_native, id=13272, stack(0x000000a854700000,0x000000a854800000)]
  0x0000027a48eb7000 JavaThread "build event listener" [_thread_blocked, id=5432, stack(0x000000a857700000,0x000000a857800000)]
  0x0000027a48eb1800 JavaThread "Execution worker for ':'" [_thread_blocked, id=9592, stack(0x000000a857800000,0x000000a857900000)]
  0x0000027a48eb8000 JavaThread "Execution worker for ':' Thread 2" [_thread_in_vm, id=2668, stack(0x000000a857900000,0x000000a857a00000)]
  0x0000027a48eb3800 JavaThread "Execution worker for ':' Thread 3" [_thread_blocked, id=7076, stack(0x000000a857a00000,0x000000a857b00000)]
  0x0000027a48eb2000 JavaThread "Cache worker for execution history cache (D:\ContactsApp\.gradle\7.2\executionHistory)" [_thread_blocked, id=4208, stack(0x000000a857b00000,0x000000a857c00000)]
  0x0000027a48eb6000 JavaThread "WorkerExecutor Queue" [_thread_in_Java, id=10988, stack(0x000000a857c00000,0x000000a857d00000)]
  0x0000027a48eb5800 JavaThread "WorkerExecutor Queue Thread 2" [_thread_blocked, id=11256, stack(0x000000a857e00000,0x000000a857f00000)]
  0x0000027a4ff06000 JavaThread "WorkerExecutor Queue Thread 3" [_thread_blocked, id=8268, stack(0x000000a857f00000,0x000000a858000000)]
  0x0000027a525d7000 JavaThread "WorkerExecutor Queue Thread 4" [_thread_blocked, id=6640, stack(0x000000a858000000,0x000000a858100000)]

Other Threads:
  0x0000027a47eca000 VMThread "VM Thread" [stack: 0x000000a852400000,0x000000a852500000] [id=13560]
  0x0000027a489e0800 WatcherThread [stack: 0x000000a852e00000,0x000000a852f00000] [id=3484]
  0x0000027a2c377000 GCTaskThread "GC Thread#0" [stack: 0x000000a851f00000,0x000000a852000000] [id=13416]
  0x0000027a494c5000 GCTaskThread "GC Thread#1" [stack: 0x000000a853000000,0x000000a853100000] [id=12184]
  0x0000027a496ca800 GCTaskThread "GC Thread#2" [stack: 0x000000a853100000,0x000000a853200000] [id=3184]
  0x0000027a4a6e9800 GCTaskThread "GC Thread#3" [stack: 0x000000a853c00000,0x000000a853d00000] [id=3932]
  0x0000027a2c3a6800 ConcurrentGCThread "G1 Main Marker" [stack: 0x000000a852000000,0x000000a852100000] [id=13156]
  0x0000027a2c3a9000 ConcurrentGCThread "G1 Conc#0" [stack: 0x000000a852100000,0x000000a852200000] [id=12464]
  0x0000027a2c438800 ConcurrentGCThread "G1 Refine#0" [stack: 0x000000a852200000,0x000000a852300000] [id=13172]
  0x0000027a2c439800 ConcurrentGCThread "G1 Young RemSet Sampling" [stack: 0x000000a852300000,0x000000a852400000] [id=1276]

Threads with active compile tasks:
C2 CompilerThread0 413684 16299       4       com.android.utils.XmlUtils::append (647 bytes)
C2 CompilerThread1 413684 16314   !   4       java.io.ObjectOutputStream::writeObject0 (619 bytes)

VM state:not at safepoint (normal execution)

VM Mutex/Monitor currently owned by a thread: None

Heap address: 0x0000000080000000, size: 2048 MB, Compressed Oops mode: 32-bit
Narrow klass base: 0x0000000000000000, Narrow klass shift: 3
Compressed class space size: 1073741824 Address: 0x0000000100000000

Heap:
 garbage-first heap   total 270336K, used 219888K [0x0000000080000000, 0x0000000100000000)
  region size 1024K, 25 young (25600K), 2 survivors (2048K)
 Metaspace       used 142210K, capacity 145786K, committed 146036K, reserved 1175552K
  class space    used 18320K, capacity 19576K, committed 19660K, reserved 1048576K
Heap Regions: E=young(eden), S=young(survivor), O=old, HS=humongous(starts), HC=humongous(continues), CS=collection set, F=free, A=archive, TAMS=top-at-mark-start (previous, next)
|   0|0x0000000080000000, 0x0000000080100000, 0x0000000080100000|100%| O|  |TAMS 0x0000000080100000, 0x0000000080000000| Untracked 
|   1|0x0000000080100000, 0x0000000080200000, 0x0000000080200000|100%| O|  |TAMS 0x0000000080200000, 0x0000000080100000| Untracked 
|   2|0x0000000080200000, 0x0000000080300000, 0x0000000080300000|100%| O|  |TAMS 0x0000000080300000, 0x0000000080200000| Untracked 
|   3|0x0000000080300000, 0x0000000080400000, 0x0000000080400000|100%|HS|  |TAMS 0x0000000080400000, 0x0000000080300000| Complete 
|   4|0x0000000080400000, 0x0000000080500000, 0x0000000080500000|100%|HC|  |TAMS 0x0000000080500000, 0x0000000080400000| Complete 
|   5|0x0000000080500000, 0x0000000080600000, 0x0000000080600000|100%|HC|  |TAMS 0x0000000080600000, 0x0000000080500000| Complete 
|   6|0x0000000080600000, 0x0000000080700000, 0x0000000080700000|100%| O|  |TAMS 0x0000000080700000, 0x0000000080600000| Untracked 
|   7|0x0000000080700000, 0x0000000080800000, 0x0000000080800000|100%| O|  |TAMS 0x0000000080800000, 0x0000000080700000| Untracked 
|   8|0x0000000080800000, 0x0000000080900000, 0x0000000080900000|100%| O|  |TAMS 0x0000000080900000, 0x0000000080800000| Untracked 
|   9|0x0000000080900000, 0x0000000080a00000, 0x0000000080a00000|100%| O|  |TAMS 0x0000000080a00000, 0x0000000080900000| Untracked 
|  10|0x0000000080a00000, 0x0000000080b00000, 0x0000000080b00000|100%| O|  |TAMS 0x0000000080b00000, 0x0000000080a00000| Untracked 
|  11|0x0000000080b00000, 0x0000000080c00000, 0x0000000080c00000|100%| O|  |TAMS 0x0000000080c00000, 0x0000000080b00000| Untracked 
|  12|0x0000000080c00000, 0x0000000080d00000, 0x0000000080d00000|100%| O|  |TAMS 0x0000000080d00000, 0x0000000080c00000| Untracked 
|  13|0x0000000080d00000, 0x0000000080e00000, 0x0000000080e00000|100%| O|  |TAMS 0x0000000080e00000, 0x0000000080d00000| Untracked 
|  14|0x0000000080e00000, 0x0000000080f00000, 0x0000000080f00000|100%| O|  |TAMS 0x0000000080f00000, 0x0000000080e00000| Untracked 
|  15|0x0000000080f00000, 0x0000000081000000, 0x0000000081000000|100%| O|  |TAMS 0x0000000081000000, 0x0000000080f00000| Untracked 
|  16|0x0000000081000000, 0x0000000081100000, 0x0000000081100000|100%|HS|  |TAMS 0x0000000081100000, 0x0000000081000000| Complete 
|  17|0x0000000081100000, 0x0000000081200000, 0x0000000081200000|100%|HC|  |TAMS 0x0000000081200000, 0x0000000081100000| Complete 
|  18|0x0000000081200000, 0x0000000081300000, 0x0000000081300000|100%|HS|  |TAMS 0x0000000081300000, 0x0000000081200000| Complete 
|  19|0x0000000081300000, 0x0000000081400000, 0x0000000081400000|100%|HC|  |TAMS 0x0000000081400000, 0x0000000081300000| Complete 
|  20|0x0000000081400000, 0x0000000081500000, 0x0000000081500000|100%|HC|  |TAMS 0x0000000081500000, 0x0000000081400000| Complete 
|  21|0x0000000081500000, 0x0000000081600000, 0x0000000081600000|100%|HS|  |TAMS 0x0000000081600000, 0x0000000081500000| Complete 
|  22|0x0000000081600000, 0x0000000081700000, 0x0000000081700000|100%|HC|  |TAMS 0x0000000081700000, 0x0000000081600000| Complete 
|  23|0x0000000081700000, 0x0000000081800000, 0x0000000081800000|100%|HC|  |TAMS 0x0000000081800000, 0x0000000081700000| Complete 
|  24|0x0000000081800000, 0x0000000081900000, 0x0000000081900000|100%|HC|  |TAMS 0x0000000081900000, 0x0000000081800000| Complete 
|  25|0x0000000081900000, 0x0000000081a00000, 0x0000000081a00000|100%| O|  |TAMS 0x0000000081a00000, 0x0000000081900000| Untracked 
|  26|0x0000000081a00000, 0x0000000081b00000, 0x0000000081b00000|100%| O|  |TAMS 0x0000000081b00000, 0x0000000081a00000| Untracked 
|  27|0x0000000081b00000, 0x0000000081c00000, 0x0000000081c00000|100%| O|  |TAMS 0x0000000081c00000, 0x0000000081b00000| Untracked 
|  28|0x0000000081c00000, 0x0000000081d00000, 0x0000000081d00000|100%| O|  |TAMS 0x0000000081d00000, 0x0000000081c00000| Untracked 
|  29|0x0000000081d00000, 0x0000000081e00000, 0x0000000081e00000|100%| O|  |TAMS 0x0000000081e00000, 0x0000000081d00000| Untracked 
|  30|0x0000000081e00000, 0x0000000081f00000, 0x0000000081f00000|100%| O|  |TAMS 0x0000000081f00000, 0x0000000081e00000| Untracked 
|  31|0x0000000081f00000, 0x0000000082000000, 0x0000000082000000|100%| O|  |TAMS 0x0000000082000000, 0x0000000081f00000| Untracked 
|  32|0x0000000082000000, 0x0000000082100000, 0x0000000082100000|100%| O|  |TAMS 0x0000000082100000, 0x0000000082000000| Untracked 
|  33|0x0000000082100000, 0x0000000082200000, 0x0000000082200000|100%|HS|  |TAMS 0x0000000082200000, 0x0000000082100000| Complete 
|  34|0x0000000082200000, 0x0000000082300000, 0x0000000082300000|100%|HC|  |TAMS 0x0000000082300000, 0x0000000082200000| Complete 
|  35|0x0000000082300000, 0x0000000082400000, 0x0000000082400000|100%|HC|  |TAMS 0x0000000082400000, 0x0000000082300000| Complete 
|  36|0x0000000082400000, 0x0000000082500000, 0x0000000082500000|100%| O|  |TAMS 0x0000000082500000, 0x0000000082400000| Untracked 
|  37|0x0000000082500000, 0x0000000082600000, 0x0000000082600000|100%| O|  |TAMS 0x0000000082600000, 0x0000000082500000| Untracked 
|  38|0x0000000082600000, 0x0000000082700000, 0x0000000082700000|100%| O|  |TAMS 0x0000000082700000, 0x0000000082600000| Untracked 
|  39|0x0000000082700000, 0x0000000082800000, 0x0000000082800000|100%| O|  |TAMS 0x0000000082800000, 0x0000000082700000| Untracked 
|  40|0x0000000082800000, 0x0000000082900000, 0x0000000082900000|100%| O|  |TAMS 0x0000000082900000, 0x0000000082800000| Untracked 
|  41|0x0000000082900000, 0x0000000082a00000, 0x0000000082a00000|100%| O|  |TAMS 0x0000000082a00000, 0x0000000082900000| Untracked 
|  42|0x0000000082a00000, 0x0000000082b00000, 0x0000000082b00000|100%| O|  |TAMS 0x0000000082b00000, 0x0000000082a00000| Untracked 
|  43|0x0000000082b00000, 0x0000000082c00000, 0x0000000082c00000|100%|HS|  |TAMS 0x0000000082c00000, 0x0000000082b00000| Complete 
|  44|0x0000000082c00000, 0x0000000082d00000, 0x0000000082d00000|100%|HC|  |TAMS 0x0000000082d00000, 0x0000000082c00000| Complete 
|  45|0x0000000082d00000, 0x0000000082e00000, 0x0000000082e00000|100%|HC|  |TAMS 0x0000000082e00000, 0x0000000082d00000| Complete 
|  46|0x0000000082e00000, 0x0000000082f00000, 0x0000000082f00000|100%|HC|  |TAMS 0x0000000082f00000, 0x0000000082e00000| Complete 
|  47|0x0000000082f00000, 0x0000000083000000, 0x0000000083000000|100%| O|  |TAMS 0x0000000083000000, 0x0000000082f00000| Untracked 
|  48|0x0000000083000000, 0x0000000083100000, 0x0000000083100000|100%| O|  |TAMS 0x0000000083100000, 0x0000000083000000| Untracked 
|  49|0x0000000083100000, 0x0000000083200000, 0x0000000083200000|100%| O|  |TAMS 0x0000000083200000, 0x0000000083100000| Untracked 
|  50|0x0000000083200000, 0x0000000083300000, 0x0000000083300000|100%| O|  |TAMS 0x0000000083200000, 0x0000000083200000| Untracked 
|  51|0x0000000083300000, 0x0000000083400000, 0x0000000083400000|100%| O|  |TAMS 0x0000000083400000, 0x0000000083300000| Untracked 
|  52|0x0000000083400000, 0x0000000083500000, 0x0000000083500000|100%| O|  |TAMS 0x0000000083500000, 0x0000000083400000| Untracked 
|  53|0x0000000083500000, 0x0000000083600000, 0x0000000083600000|100%| O|  |TAMS 0x0000000083600000, 0x0000000083500000| Untracked 
|  54|0x0000000083600000, 0x0000000083700000, 0x0000000083700000|100%| O|  |TAMS 0x0000000083700000, 0x0000000083600000| Untracked 
|  55|0x0000000083700000, 0x0000000083800000, 0x0000000083800000|100%| O|  |TAMS 0x0000000083800000, 0x0000000083700000| Untracked 
|  56|0x0000000083800000, 0x0000000083900000, 0x0000000083900000|100%|HS|  |TAMS 0x0000000083900000, 0x0000000083800000| Complete 
|  57|0x0000000083900000, 0x0000000083a00000, 0x0000000083a00000|100%|HS|  |TAMS 0x0000000083a00000, 0x0000000083900000| Complete 
|  58|0x0000000083a00000, 0x0000000083b00000, 0x0000000083b00000|100%|HS|  |TAMS 0x0000000083b00000, 0x0000000083a00000| Complete 
|  59|0x0000000083b00000, 0x0000000083c00000, 0x0000000083c00000|100%|HS|  |TAMS 0x0000000083c00000, 0x0000000083b00000| Complete 
|  60|0x0000000083c00000, 0x0000000083d00000, 0x0000000083d00000|100%|HS|  |TAMS 0x0000000083d00000, 0x0000000083c00000| Complete 
|  61|0x0000000083d00000, 0x0000000083e00000, 0x0000000083e00000|100%|HC|  |TAMS 0x0000000083e00000, 0x0000000083d00000| Complete 
|  62|0x0000000083e00000, 0x0000000083f00000, 0x0000000083f00000|100%|HC|  |TAMS 0x0000000083f00000, 0x0000000083e00000| Complete 
|  63|0x0000000083f00000, 0x0000000084000000, 0x0000000084000000|100%|HS|  |TAMS 0x0000000084000000, 0x0000000083f00000| Complete 
|  64|0x0000000084000000, 0x0000000084100000, 0x0000000084100000|100%|HC|  |TAMS 0x0000000084100000, 0x0000000084000000| Complete 
|  65|0x0000000084100000, 0x0000000084200000, 0x0000000084200000|100%| O|  |TAMS 0x0000000084200000, 0x0000000084100000| Untracked 
|  66|0x0000000084200000, 0x0000000084300000, 0x0000000084300000|100%| O|  |TAMS 0x0000000084300000, 0x0000000084200000| Untracked 
|  67|0x0000000084300000, 0x0000000084400000, 0x0000000084400000|100%| O|  |TAMS 0x0000000084400000, 0x0000000084300000| Untracked 
|  68|0x0000000084400000, 0x0000000084500000, 0x0000000084500000|100%| O|  |TAMS 0x0000000084500000, 0x0000000084400000| Untracked 
|  69|0x0000000084500000, 0x0000000084600000, 0x0000000084600000|100%| O|  |TAMS 0x0000000084600000, 0x0000000084500000| Untracked 
|  70|0x0000000084600000, 0x0000000084700000, 0x0000000084700000|100%| O|  |TAMS 0x0000000084700000, 0x0000000084600000| Untracked 
|  71|0x0000000084700000, 0x0000000084800000, 0x0000000084800000|100%| O|  |TAMS 0x0000000084800000, 0x0000000084700000| Untracked 
|  72|0x0000000084800000, 0x0000000084900000, 0x0000000084900000|100%| O|  |TAMS 0x0000000084900000, 0x0000000084800000| Untracked 
|  73|0x0000000084900000, 0x0000000084a00000, 0x0000000084a00000|100%| O|  |TAMS 0x0000000084a00000, 0x0000000084900000| Untracked 
|  74|0x0000000084a00000, 0x0000000084b00000, 0x0000000084b00000|100%| O|  |TAMS 0x0000000084b00000, 0x0000000084a00000| Untracked 
|  75|0x0000000084b00000, 0x0000000084c00000, 0x0000000084c00000|100%| O|  |TAMS 0x0000000084c00000, 0x0000000084b00000| Untracked 
|  76|0x0000000084c00000, 0x0000000084d00000, 0x0000000084d00000|100%| O|  |TAMS 0x0000000084d00000, 0x0000000084c00000| Untracked 
|  77|0x0000000084d00000, 0x0000000084e00000, 0x0000000084e00000|100%| O|  |TAMS 0x0000000084e00000, 0x0000000084d00000| Untracked 
|  78|0x0000000084e00000, 0x0000000084f00000, 0x0000000084f00000|100%| O|  |TAMS 0x0000000084f00000, 0x0000000084e00000| Untracked 
|  79|0x0000000084f00000, 0x0000000085000000, 0x0000000085000000|100%| O|  |TAMS 0x0000000085000000, 0x0000000084f00000| Untracked 
|  80|0x0000000085000000, 0x0000000085100000, 0x0000000085100000|100%| O|  |TAMS 0x0000000085100000, 0x0000000085000000| Untracked 
|  81|0x0000000085100000, 0x0000000085200000, 0x0000000085200000|100%| O|  |TAMS 0x0000000085200000, 0x0000000085100000| Untracked 
|  82|0x0000000085200000, 0x0000000085300000, 0x0000000085300000|100%| O|  |TAMS 0x0000000085300000, 0x0000000085200000| Untracked 
|  83|0x0000000085300000, 0x0000000085400000, 0x0000000085400000|100%| O|  |TAMS 0x0000000085400000, 0x0000000085300000| Untracked 
|  84|0x0000000085400000, 0x0000000085500000, 0x0000000085500000|100%| O|  |TAMS 0x0000000085500000, 0x0000000085400000| Untracked 
|  85|0x0000000085500000, 0x0000000085600000, 0x0000000085600000|100%|HS|  |TAMS 0x0000000085600000, 0x0000000085500000| Complete 
|  86|0x0000000085600000, 0x0000000085700000, 0x0000000085700000|100%|HC|  |TAMS 0x0000000085700000, 0x0000000085600000| Complete 
|  87|0x0000000085700000, 0x0000000085800000, 0x0000000085800000|100%|HS|  |TAMS 0x0000000085800000, 0x0000000085700000| Complete 
|  88|0x0000000085800000, 0x0000000085900000, 0x0000000085900000|100%|HC|  |TAMS 0x0000000085900000, 0x0000000085800000| Complete 
|  89|0x0000000085900000, 0x0000000085a00000, 0x0000000085a00000|100%|HC|  |TAMS 0x0000000085a00000, 0x0000000085900000| Complete 
|  90|0x0000000085a00000, 0x0000000085b00000, 0x0000000085b00000|100%|HS|  |TAMS 0x0000000085b00000, 0x0000000085a00000| Complete 
|  91|0x0000000085b00000, 0x0000000085c00000, 0x0000000085c00000|100%|HC|  |TAMS 0x0000000085c00000, 0x0000000085b00000| Complete 
|  92|0x0000000085c00000, 0x0000000085d00000, 0x0000000085d00000|100%|HC|  |TAMS 0x0000000085d00000, 0x0000000085c00000| Complete 
|  93|0x0000000085d00000, 0x0000000085e00000, 0x0000000085e00000|100%|HC|  |TAMS 0x0000000085e00000, 0x0000000085d00000| Complete 
|  94|0x0000000085e00000, 0x0000000085f00000, 0x0000000085f00000|100%| O|  |TAMS 0x0000000085f00000, 0x0000000085e00000| Untracked 
|  95|0x0000000085f00000, 0x0000000086000000, 0x0000000086000000|100%| O|  |TAMS 0x0000000085f00000, 0x0000000085f00000| Untracked 
|  96|0x0000000086000000, 0x0000000086100000, 0x0000000086100000|100%| O|  |TAMS 0x0000000086100000, 0x0000000086000000| Untracked 
|  97|0x0000000086100000, 0x0000000086200000, 0x0000000086200000|100%| O|  |TAMS 0x0000000086200000, 0x0000000086100000| Untracked 
|  98|0x0000000086200000, 0x0000000086300000, 0x0000000086300000|100%| O|  |TAMS 0x0000000086300000, 0x0000000086200000| Untracked 
|  99|0x0000000086300000, 0x0000000086400000, 0x0000000086400000|100%| O|  |TAMS 0x0000000086400000, 0x0000000086300000| Untracked 
| 100|0x0000000086400000, 0x0000000086500000, 0x0000000086500000|100%| O|  |TAMS 0x0000000086500000, 0x0000000086400000| Untracked 
| 101|0x0000000086500000, 0x0000000086600000, 0x0000000086600000|100%| O|  |TAMS 0x0000000086600000, 0x0000000086500000| Untracked 
| 102|0x0000000086600000, 0x0000000086700000, 0x0000000086700000|100%| O|  |TAMS 0x0000000086700000, 0x0000000086600000| Untracked 
| 103|0x0000000086700000, 0x0000000086800000, 0x0000000086800000|100%| O|  |TAMS 0x0000000086800000, 0x0000000086700000| Untracked 
| 104|0x0000000086800000, 0x0000000086900000, 0x0000000086900000|100%| O|  |TAMS 0x0000000086900000, 0x0000000086800000| Untracked 
| 105|0x0000000086900000, 0x0000000086a00000, 0x0000000086a00000|100%| O|  |TAMS 0x0000000086a00000, 0x0000000086900000| Untracked 
| 106|0x0000000086a00000, 0x0000000086b00000, 0x0000000086b00000|100%| O|  |TAMS 0x0000000086b00000, 0x0000000086a00000| Untracked 
| 107|0x0000000086b00000, 0x0000000086c00000, 0x0000000086c00000|100%| O|  |TAMS 0x0000000086c00000, 0x0000000086b00000| Untracked 
| 108|0x0000000086c00000, 0x0000000086d00000, 0x0000000086d00000|100%| O|  |TAMS 0x0000000086d00000, 0x0000000086c00000| Untracked 
| 109|0x0000000086d00000, 0x0000000086e00000, 0x0000000086e00000|100%| O|  |TAMS 0x0000000086e00000, 0x0000000086d00000| Untracked 
| 110|0x0000000086e00000, 0x0000000086f00000, 0x0000000086f00000|100%| O|  |TAMS 0x0000000086f00000, 0x0000000086e00000| Untracked 
| 111|0x0000000086f00000, 0x0000000087000000, 0x0000000087000000|100%| O|  |TAMS 0x0000000087000000, 0x0000000086f00000| Untracked 
| 112|0x0000000087000000, 0x0000000087100000, 0x0000000087100000|100%| O|  |TAMS 0x0000000087100000, 0x0000000087000000| Untracked 
| 113|0x0000000087100000, 0x0000000087200000, 0x0000000087200000|100%| O|  |TAMS 0x0000000087200000, 0x0000000087100000| Untracked 
| 114|0x0000000087200000, 0x0000000087300000, 0x0000000087300000|100%| O|  |TAMS 0x0000000087300000, 0x0000000087200000| Untracked 
| 115|0x0000000087300000, 0x0000000087400000, 0x0000000087400000|100%| O|  |TAMS 0x0000000087400000, 0x0000000087300000| Untracked 
| 116|0x0000000087400000, 0x0000000087500000, 0x0000000087500000|100%| O|  |TAMS 0x0000000087500000, 0x0000000087400000| Untracked 
| 117|0x0000000087500000, 0x0000000087600000, 0x0000000087600000|100%| O|  |TAMS 0x0000000087500000, 0x0000000087500000| Untracked 
| 118|0x0000000087600000, 0x0000000087700000, 0x0000000087700000|100%| O|  |TAMS 0x0000000087700000, 0x0000000087600000| Untracked 
| 119|0x0000000087700000, 0x0000000087800000, 0x0000000087800000|100%| O|  |TAMS 0x0000000087700000, 0x0000000087700000| Untracked 
| 120|0x0000000087800000, 0x0000000087900000, 0x0000000087900000|100%| O|  |TAMS 0x0000000087900000, 0x0000000087800000| Untracked 
| 121|0x0000000087900000, 0x0000000087a00000, 0x0000000087a00000|100%| O|  |TAMS 0x0000000087a00000, 0x0000000087900000| Untracked 
| 122|0x0000000087a00000, 0x0000000087b00000, 0x0000000087b00000|100%| O|  |TAMS 0x0000000087b00000, 0x0000000087a00000| Untracked 
| 123|0x0000000087b00000, 0x0000000087c00000, 0x0000000087c00000|100%| O|  |TAMS 0x0000000087c00000, 0x0000000087b00000| Untracked 
| 124|0x0000000087c00000, 0x0000000087d00000, 0x0000000087d00000|100%| O|  |TAMS 0x0000000087d00000, 0x0000000087c00000| Untracked 
| 125|0x0000000087d00000, 0x0000000087e00000, 0x0000000087e00000|100%| O|  |TAMS 0x0000000087e00000, 0x0000000087d00000| Untracked 
| 126|0x0000000087e00000, 0x0000000087f00000, 0x0000000087f00000|100%| O|  |TAMS 0x0000000087f00000, 0x0000000087e00000| Untracked 
| 127|0x0000000087f00000, 0x0000000088000000, 0x0000000088000000|100%| O|  |TAMS 0x0000000087f71a00, 0x0000000087f00000| Untracked 
| 128|0x0000000088000000, 0x0000000088100000, 0x0000000088100000|100%| O|  |TAMS 0x0000000088000000, 0x0000000088000000| Untracked 
| 129|0x0000000088100000, 0x0000000088200000, 0x0000000088200000|100%| O|  |TAMS 0x0000000088200000, 0x0000000088100000| Untracked 
| 130|0x0000000088200000, 0x0000000088300000, 0x0000000088300000|100%|HS|  |TAMS 0x0000000088200000, 0x0000000088200000| Complete 
| 131|0x0000000088300000, 0x0000000088400000, 0x0000000088400000|100%| O|  |TAMS 0x0000000088300000, 0x0000000088300000| Untracked 
| 132|0x0000000088400000, 0x0000000088500000, 0x0000000088500000|100%| O|  |TAMS 0x0000000088400000, 0x0000000088400000| Untracked 
| 133|0x0000000088500000, 0x0000000088600000, 0x0000000088600000|100%| O|  |TAMS 0x0000000088600000, 0x0000000088500000| Untracked 
| 134|0x0000000088600000, 0x0000000088700000, 0x0000000088700000|100%| O|  |TAMS 0x0000000088700000, 0x0000000088600000| Untracked 
| 135|0x0000000088700000, 0x0000000088800000, 0x0000000088800000|100%| O|  |TAMS 0x0000000088800000, 0x0000000088700000| Untracked 
| 136|0x0000000088800000, 0x0000000088900000, 0x0000000088900000|100%| O|  |TAMS 0x0000000088900000, 0x0000000088800000| Untracked 
| 137|0x0000000088900000, 0x0000000088a00000, 0x0000000088a00000|100%| O|  |TAMS 0x0000000088a00000, 0x0000000088900000| Untracked 
| 138|0x0000000088a00000, 0x0000000088b00000, 0x0000000088b00000|100%| O|  |TAMS 0x0000000088b00000, 0x0000000088a00000| Untracked 
| 139|0x0000000088b00000, 0x0000000088c00000, 0x0000000088c00000|100%| O|  |TAMS 0x0000000088c00000, 0x0000000088b00000| Untracked 
| 140|0x0000000088c00000, 0x0000000088d00000, 0x0000000088d00000|100%| O|  |TAMS 0x0000000088d00000, 0x0000000088c00000| Untracked 
| 141|0x0000000088d00000, 0x0000000088e00000, 0x0000000088e00000|100%| O|  |TAMS 0x0000000088e00000, 0x0000000088d00000| Untracked 
| 142|0x0000000088e00000, 0x0000000088f00000, 0x0000000088f00000|100%| O|  |TAMS 0x0000000088f00000, 0x0000000088e00000| Untracked 
| 143|0x0000000088f00000, 0x0000000089000000, 0x0000000089000000|100%| O|  |TAMS 0x0000000089000000, 0x0000000088f00000| Untracked 
| 144|0x0000000089000000, 0x0000000089100000, 0x0000000089100000|100%| O|  |TAMS 0x0000000089100000, 0x0000000089000000| Untracked 
| 145|0x0000000089100000, 0x0000000089200000, 0x0000000089200000|100%| O|  |TAMS 0x0000000089200000, 0x0000000089100000| Untracked 
| 146|0x0000000089200000, 0x0000000089300000, 0x0000000089300000|100%| O|  |TAMS 0x0000000089300000, 0x0000000089200000| Untracked 
| 147|0x0000000089300000, 0x0000000089400000, 0x0000000089400000|100%| O|  |TAMS 0x0000000089400000, 0x0000000089300000| Untracked 
| 148|0x0000000089400000, 0x0000000089500000, 0x0000000089500000|100%| O|  |TAMS 0x0000000089500000, 0x0000000089400000| Untracked 
| 149|0x0000000089500000, 0x0000000089600000, 0x0000000089600000|100%| O|  |TAMS 0x0000000089600000, 0x0000000089500000| Untracked 
| 150|0x0000000089600000, 0x0000000089700000, 0x0000000089700000|100%| O|  |TAMS 0x0000000089700000, 0x0000000089600000| Untracked 
| 151|0x0000000089700000, 0x0000000089800000, 0x0000000089800000|100%| O|  |TAMS 0x0000000089800000, 0x0000000089700000| Untracked 
| 152|0x0000000089800000, 0x0000000089900000, 0x0000000089900000|100%| O|  |TAMS 0x0000000089900000, 0x0000000089800000| Untracked 
| 153|0x0000000089900000, 0x0000000089a00000, 0x0000000089a00000|100%| O|  |TAMS 0x0000000089a00000, 0x0000000089900000| Untracked 
| 154|0x0000000089a00000, 0x0000000089b00000, 0x0000000089b00000|100%| O|  |TAMS 0x0000000089b00000, 0x0000000089a00000| Untracked 
| 155|0x0000000089b00000, 0x0000000089c00000, 0x0000000089c00000|100%| O|  |TAMS 0x0000000089c00000, 0x0000000089b00000| Untracked 
| 156|0x0000000089c00000, 0x0000000089d00000, 0x0000000089d00000|100%| O|  |TAMS 0x0000000089d00000, 0x0000000089c00000| Untracked 
| 157|0x0000000089d00000, 0x0000000089e00000, 0x0000000089e00000|100%| O|  |TAMS 0x0000000089d00000, 0x0000000089d00000| Untracked 
| 158|0x0000000089e00000, 0x0000000089f00000, 0x0000000089f00000|100%| O|  |TAMS 0x0000000089e00000, 0x0000000089e00000| Untracked 
| 159|0x0000000089f00000, 0x000000008a000000, 0x000000008a000000|100%| O|  |TAMS 0x0000000089f00000, 0x0000000089f00000| Untracked 
| 160|0x000000008a000000, 0x000000008a100000, 0x000000008a100000|100%| O|  |TAMS 0x000000008a000000, 0x000000008a000000| Untracked 
| 161|0x000000008a100000, 0x000000008a200000, 0x000000008a200000|100%| O|  |TAMS 0x000000008a100000, 0x000000008a100000| Untracked 
| 162|0x000000008a200000, 0x000000008a300000, 0x000000008a300000|100%| O|  |TAMS 0x000000008a200000, 0x000000008a200000| Untracked 
| 163|0x000000008a300000, 0x000000008a400000, 0x000000008a400000|100%| O|  |TAMS 0x000000008a300000, 0x000000008a300000| Untracked 
| 164|0x000000008a400000, 0x000000008a500000, 0x000000008a500000|100%| O|  |TAMS 0x000000008a400000, 0x000000008a400000| Untracked 
| 165|0x000000008a500000, 0x000000008a600000, 0x000000008a600000|100%| O|  |TAMS 0x000000008a500000, 0x000000008a500000| Untracked 
| 166|0x000000008a600000, 0x000000008a700000, 0x000000008a700000|100%| O|  |TAMS 0x000000008a600000, 0x000000008a600000| Untracked 
| 167|0x000000008a700000, 0x000000008a800000, 0x000000008a800000|100%| O|  |TAMS 0x000000008a700000, 0x000000008a700000| Untracked 
| 168|0x000000008a800000, 0x000000008a900000, 0x000000008a900000|100%| O|  |TAMS 0x000000008a800000, 0x000000008a800000| Untracked 
| 169|0x000000008a900000, 0x000000008aa00000, 0x000000008aa00000|100%| O|  |TAMS 0x000000008a900000, 0x000000008a900000| Untracked 
| 170|0x000000008aa00000, 0x000000008ab00000, 0x000000008ab00000|100%| O|  |TAMS 0x000000008aa00000, 0x000000008aa00000| Untracked 
| 171|0x000000008ab00000, 0x000000008ac00000, 0x000000008ac00000|100%| O|  |TAMS 0x000000008ab00000, 0x000000008ab00000| Untracked 
| 172|0x000000008ac00000, 0x000000008ad00000, 0x000000008ad00000|100%| O|  |TAMS 0x000000008ac00000, 0x000000008ac00000| Untracked 
| 173|0x000000008ad00000, 0x000000008ae00000, 0x000000008ae00000|100%| O|  |TAMS 0x000000008ad00000, 0x000000008ad00000| Untracked 
| 174|0x000000008ae00000, 0x000000008ae7a000, 0x000000008af00000| 47%| O|  |TAMS 0x000000008ae00000, 0x000000008ae00000| Untracked 
| 175|0x000000008af00000, 0x000000008b000000, 0x000000008b000000|100%|HS|  |TAMS 0x000000008af00000, 0x000000008af00000| Complete 
| 176|0x000000008b000000, 0x000000008b100000, 0x000000008b100000|100%|HS|  |TAMS 0x000000008b000000, 0x000000008b000000| Complete 
| 177|0x000000008b100000, 0x000000008b200000, 0x000000008b200000|100%|HC|  |TAMS 0x000000008b100000, 0x000000008b100000| Complete 
| 178|0x000000008b200000, 0x000000008b200000, 0x000000008b300000|  0%| F|  |TAMS 0x000000008b200000, 0x000000008b200000| Untracked 
| 179|0x000000008b300000, 0x000000008b400000, 0x000000008b400000|100%| O|  |TAMS 0x000000008b300000, 0x000000008b300000| Untracked 
| 180|0x000000008b400000, 0x000000008b500000, 0x000000008b500000|100%| O|  |TAMS 0x000000008b400000, 0x000000008b400000| Untracked 
| 181|0x000000008b500000, 0x000000008b600000, 0x000000008b600000|100%| O|  |TAMS 0x000000008b500000, 0x000000008b500000| Untracked 
| 182|0x000000008b600000, 0x000000008b700000, 0x000000008b700000|100%|HS|  |TAMS 0x000000008b600000, 0x000000008b600000| Complete 
| 183|0x000000008b700000, 0x000000008b800000, 0x000000008b800000|100%|HC|  |TAMS 0x000000008b700000, 0x000000008b700000| Complete 
| 184|0x000000008b800000, 0x000000008b900000, 0x000000008b900000|100%|HC|  |TAMS 0x000000008b800000, 0x000000008b800000| Complete 
| 185|0x000000008b900000, 0x000000008ba00000, 0x000000008ba00000|100%|HC|  |TAMS 0x000000008b900000, 0x000000008b900000| Complete 
| 186|0x000000008ba00000, 0x000000008bb00000, 0x000000008bb00000|100%|HS|  |TAMS 0x000000008ba00000, 0x000000008ba00000| Complete 
| 187|0x000000008bb00000, 0x000000008bc00000, 0x000000008bc00000|100%|HC|  |TAMS 0x000000008bb00000, 0x000000008bb00000| Complete 
| 188|0x000000008bc00000, 0x000000008bd00000, 0x000000008bd00000|100%|HS|  |TAMS 0x000000008bc00000, 0x000000008bc00000| Complete 
| 189|0x000000008bd00000, 0x000000008be00000, 0x000000008be00000|100%|HC|  |TAMS 0x000000008bd00000, 0x000000008bd00000| Complete 
| 190|0x000000008be00000, 0x000000008bf00000, 0x000000008bf00000|100%|HC|  |TAMS 0x000000008be00000, 0x000000008be00000| Complete 
| 191|0x000000008bf00000, 0x000000008c000000, 0x000000008c000000|100%|HS|  |TAMS 0x000000008bf00000, 0x000000008bf00000| Complete 
| 192|0x000000008c000000, 0x000000008c100000, 0x000000008c100000|100%|HC|  |TAMS 0x000000008c000000, 0x000000008c000000| Complete 
| 193|0x000000008c100000, 0x000000008c200000, 0x000000008c200000|100%|HC|  |TAMS 0x000000008c100000, 0x000000008c100000| Complete 
| 194|0x000000008c200000, 0x000000008c200000, 0x000000008c300000|  0%| F|  |TAMS 0x000000008c200000, 0x000000008c200000| Untracked 
| 195|0x000000008c300000, 0x000000008c300000, 0x000000008c400000|  0%| F|  |TAMS 0x000000008c300000, 0x000000008c300000| Untracked 
| 196|0x000000008c400000, 0x000000008c400000, 0x000000008c500000|  0%| F|  |TAMS 0x000000008c400000, 0x000000008c400000| Untracked 
| 197|0x000000008c500000, 0x000000008c500000, 0x000000008c600000|  0%| F|  |TAMS 0x000000008c500000, 0x000000008c500000| Untracked 
| 198|0x000000008c600000, 0x000000008c600000, 0x000000008c700000|  0%| F|  |TAMS 0x000000008c600000, 0x000000008c600000| Untracked 
| 199|0x000000008c700000, 0x000000008c700000, 0x000000008c800000|  0%| F|  |TAMS 0x000000008c700000, 0x000000008c700000| Untracked 
| 200|0x000000008c800000, 0x000000008c800000, 0x000000008c900000|  0%| F|  |TAMS 0x000000008c800000, 0x000000008c800000| Untracked 
| 201|0x000000008c900000, 0x000000008c900000, 0x000000008ca00000|  0%| F|  |TAMS 0x000000008c900000, 0x000000008c900000| Untracked 
| 202|0x000000008ca00000, 0x000000008ca00000, 0x000000008cb00000|  0%| F|  |TAMS 0x000000008ca00000, 0x000000008ca00000| Untracked 
| 203|0x000000008cb00000, 0x000000008cb00000, 0x000000008cc00000|  0%| F|  |TAMS 0x000000008cb00000, 0x000000008cb00000| Untracked 
| 204|0x000000008cc00000, 0x000000008cc00000, 0x000000008cd00000|  0%| F|  |TAMS 0x000000008cc00000, 0x000000008cc00000| Untracked 
| 205|0x000000008cd00000, 0x000000008cd00000, 0x000000008ce00000|  0%| F|  |TAMS 0x000000008cd00000, 0x000000008cd00000| Untracked 
| 206|0x000000008ce00000, 0x000000008ce00000, 0x000000008cf00000|  0%| F|  |TAMS 0x000000008ce00000, 0x000000008ce00000| Untracked 
| 207|0x000000008cf00000, 0x000000008cf00000, 0x000000008d000000|  0%| F|  |TAMS 0x000000008cf00000, 0x000000008cf00000| Untracked 
| 208|0x000000008d000000, 0x000000008d000000, 0x000000008d100000|  0%| F|  |TAMS 0x000000008d000000, 0x000000008d000000| Untracked 
| 209|0x000000008d100000, 0x000000008d100000, 0x000000008d200000|  0%| F|  |TAMS 0x000000008d100000, 0x000000008d100000| Untracked 
| 210|0x000000008d200000, 0x000000008d200000, 0x000000008d300000|  0%| F|  |TAMS 0x000000008d200000, 0x000000008d200000| Untracked 
| 211|0x000000008d300000, 0x000000008d300000, 0x000000008d400000|  0%| F|  |TAMS 0x000000008d300000, 0x000000008d300000| Untracked 
| 212|0x000000008d400000, 0x000000008d400000, 0x000000008d500000|  0%| F|  |TAMS 0x000000008d400000, 0x000000008d400000| Untracked 
| 213|0x000000008d500000, 0x000000008d500000, 0x000000008d600000|  0%| F|  |TAMS 0x000000008d500000, 0x000000008d500000| Untracked 
| 214|0x000000008d600000, 0x000000008d600000, 0x000000008d700000|  0%| F|  |TAMS 0x000000008d600000, 0x000000008d600000| Untracked 
| 215|0x000000008d700000, 0x000000008d700000, 0x000000008d800000|  0%| F|  |TAMS 0x000000008d700000, 0x000000008d700000| Untracked 
| 216|0x000000008d800000, 0x000000008d800000, 0x000000008d900000|  0%| F|  |TAMS 0x000000008d800000, 0x000000008d800000| Untracked 
| 217|0x000000008d900000, 0x000000008d900000, 0x000000008da00000|  0%| F|  |TAMS 0x000000008d900000, 0x000000008d900000| Untracked 
| 218|0x000000008da00000, 0x000000008da00000, 0x000000008db00000|  0%| F|  |TAMS 0x000000008da00000, 0x000000008da00000| Untracked 
| 219|0x000000008db00000, 0x000000008db00000, 0x000000008dc00000|  0%| F|  |TAMS 0x000000008db00000, 0x000000008db00000| Untracked 
| 220|0x000000008dc00000, 0x000000008dc00000, 0x000000008dd00000|  0%| F|  |TAMS 0x000000008dc00000, 0x000000008dc00000| Untracked 
| 221|0x000000008dd00000, 0x000000008dd00000, 0x000000008de00000|  0%| F|  |TAMS 0x000000008dd00000, 0x000000008dd00000| Untracked 
| 222|0x000000008de00000, 0x000000008de00000, 0x000000008df00000|  0%| F|  |TAMS 0x000000008de00000, 0x000000008de00000| Untracked 
| 223|0x000000008df00000, 0x000000008df00000, 0x000000008e000000|  0%| F|  |TAMS 0x000000008df00000, 0x000000008df00000| Untracked 
| 224|0x000000008e000000, 0x000000008e000000, 0x000000008e100000|  0%| F|  |TAMS 0x000000008e000000, 0x000000008e000000| Untracked 
| 225|0x000000008e100000, 0x000000008e100000, 0x000000008e200000|  0%| F|  |TAMS 0x000000008e100000, 0x000000008e100000| Untracked 
| 226|0x000000008e200000, 0x000000008e200000, 0x000000008e300000|  0%| F|  |TAMS 0x000000008e200000, 0x000000008e200000| Untracked 
| 227|0x000000008e300000, 0x000000008e300000, 0x000000008e400000|  0%| F|  |TAMS 0x000000008e300000, 0x000000008e300000| Untracked 
| 228|0x000000008e400000, 0x000000008e442218, 0x000000008e500000| 25%| S|CS|TAMS 0x000000008e400000, 0x000000008e400000| Complete 
| 229|0x000000008e500000, 0x000000008e600000, 0x000000008e600000|100%| S|CS|TAMS 0x000000008e500000, 0x000000008e500000| Complete 
| 230|0x000000008e600000, 0x000000008e600000, 0x000000008e700000|  0%| F|  |TAMS 0x000000008e600000, 0x000000008e600000| Untracked 
| 231|0x000000008e700000, 0x000000008e700000, 0x000000008e800000|  0%| F|  |TAMS 0x000000008e700000, 0x000000008e700000| Untracked 
| 232|0x000000008e800000, 0x000000008e800000, 0x000000008e900000|  0%| F|  |TAMS 0x000000008e800000, 0x000000008e800000| Untracked 
| 233|0x000000008e900000, 0x000000008e900000, 0x000000008ea00000|  0%| F|  |TAMS 0x000000008e900000, 0x000000008e900000| Untracked 
| 234|0x000000008ea00000, 0x000000008ea00000, 0x000000008eb00000|  0%| F|  |TAMS 0x000000008ea00000, 0x000000008ea00000| Untracked 
| 235|0x000000008eb00000, 0x000000008eb00000, 0x000000008ec00000|  0%| F|  |TAMS 0x000000008eb00000, 0x000000008eb00000| Untracked 
| 236|0x000000008ec00000, 0x000000008ec00000, 0x000000008ed00000|  0%| F|  |TAMS 0x000000008ec00000, 0x000000008ec00000| Untracked 
| 237|0x000000008ed00000, 0x000000008ed00000, 0x000000008ee00000|  0%| F|  |TAMS 0x000000008ed00000, 0x000000008ed00000| Untracked 
| 238|0x000000008ee00000, 0x000000008ee00000, 0x000000008ef00000|  0%| F|  |TAMS 0x000000008ee00000, 0x000000008ee00000| Untracked 
| 239|0x000000008ef00000, 0x000000008ef00000, 0x000000008f000000|  0%| F|  |TAMS 0x000000008ef00000, 0x000000008ef00000| Untracked 
| 240|0x000000008f000000, 0x000000008f100000, 0x000000008f100000|100%| E|  |TAMS 0x000000008f000000, 0x000000008f000000| Complete 
| 241|0x000000008f100000, 0x000000008f200000, 0x000000008f200000|100%| E|CS|TAMS 0x000000008f100000, 0x000000008f100000| Complete 
| 242|0x000000008f200000, 0x000000008f300000, 0x000000008f300000|100%| E|CS|TAMS 0x000000008f200000, 0x000000008f200000| Complete 
| 243|0x000000008f300000, 0x000000008f400000, 0x000000008f400000|100%| E|CS|TAMS 0x000000008f300000, 0x000000008f300000| Complete 
| 244|0x000000008f400000, 0x000000008f500000, 0x000000008f500000|100%| E|CS|TAMS 0x000000008f400000, 0x000000008f400000| Complete 
| 245|0x000000008f500000, 0x000000008f600000, 0x000000008f600000|100%| E|CS|TAMS 0x000000008f500000, 0x000000008f500000| Complete 
| 246|0x000000008f600000, 0x000000008f700000, 0x000000008f700000|100%| E|CS|TAMS 0x000000008f600000, 0x000000008f600000| Complete 
| 247|0x000000008f700000, 0x000000008f800000, 0x000000008f800000|100%| E|CS|TAMS 0x000000008f700000, 0x000000008f700000| Complete 
| 248|0x000000008f800000, 0x000000008f900000, 0x000000008f900000|100%| E|CS|TAMS 0x000000008f800000, 0x000000008f800000| Complete 
| 249|0x000000008f900000, 0x000000008fa00000, 0x000000008fa00000|100%| E|CS|TAMS 0x000000008f900000, 0x000000008f900000| Complete 
| 250|0x000000008fa00000, 0x000000008fb00000, 0x000000008fb00000|100%| E|CS|TAMS 0x000000008fa00000, 0x000000008fa00000| Complete 
| 251|0x000000008fb00000, 0x000000008fc00000, 0x000000008fc00000|100%| E|  |TAMS 0x000000008fb00000, 0x000000008fb00000| Complete 
| 252|0x000000008fc00000, 0x000000008fd00000, 0x000000008fd00000|100%| E|CS|TAMS 0x000000008fc00000, 0x000000008fc00000| Complete 
| 253|0x000000008fd00000, 0x000000008fe00000, 0x000000008fe00000|100%| E|CS|TAMS 0x000000008fd00000, 0x000000008fd00000| Complete 
| 254|0x000000008fe00000, 0x000000008ff00000, 0x000000008ff00000|100%| E|CS|TAMS 0x000000008fe00000, 0x000000008fe00000| Complete 
| 255|0x000000008ff00000, 0x0000000090000000, 0x0000000090000000|100%| E|CS|TAMS 0x000000008ff00000, 0x000000008ff00000| Complete 
| 256|0x0000000090000000, 0x0000000090100000, 0x0000000090100000|100%| E|CS|TAMS 0x0000000090000000, 0x0000000090000000| Complete 
| 257|0x0000000090100000, 0x0000000090200000, 0x0000000090200000|100%| E|CS|TAMS 0x0000000090100000, 0x0000000090100000| Complete 
| 258|0x0000000090200000, 0x0000000090300000, 0x0000000090300000|100%| E|CS|TAMS 0x0000000090200000, 0x0000000090200000| Complete 
| 259|0x0000000090300000, 0x0000000090400000, 0x0000000090400000|100%| E|CS|TAMS 0x0000000090300000, 0x0000000090300000| Complete 
| 260|0x0000000090400000, 0x0000000090500000, 0x0000000090500000|100%| E|CS|TAMS 0x0000000090400000, 0x0000000090400000| Complete 
| 261|0x0000000090500000, 0x0000000090600000, 0x0000000090600000|100%| E|CS|TAMS 0x0000000090500000, 0x0000000090500000| Complete 
| 262|0x0000000090600000, 0x0000000090700000, 0x0000000090700000|100%| E|CS|TAMS 0x0000000090600000, 0x0000000090600000| Complete 
| 263|0x0000000090700000, 0x0000000090800000, 0x0000000090800000|100%| E|CS|TAMS 0x0000000090700000, 0x0000000090700000| Complete 

Card table byte_map: [0x0000027a41080000,0x0000027a41480000] _byte_map_base: 0x0000027a40c80000

Marking Bits (Prev, Next): (CMBitMap*) 0x0000027a2c39de08, (CMBitMap*) 0x0000027a2c39de40
 Prev Bits: [0x0000027a41880000, 0x0000027a43880000)
 Next Bits: [0x0000027a43880000, 0x0000027a45880000)

Polling page: 0x0000027a2c440000

Metaspace:

Usage:
  Non-class:    123.25 MB capacity,   121.00 MB ( 98%) used,     1.88 MB (  2%) free+waste,   382.31 KB ( <1%) overhead. 
      Class:     19.12 MB capacity,    17.89 MB ( 94%) used,     1.06 MB (  6%) free+waste,   171.44 KB ( <1%) overhead. 
       Both:    142.37 MB capacity,   138.89 MB ( 98%) used,     2.94 MB (  2%) free+waste,   553.75 KB ( <1%) overhead. 

Virtual space:
  Non-class space:      124.00 MB reserved,     123.41 MB (>99%) committed 
      Class space:        1.00 GB reserved,      19.20 MB (  2%) committed 
             Both:        1.12 GB reserved,     142.61 MB ( 12%) committed 

Chunk freelists:
   Non-Class:  38.00 KB
       Class:  8.00 KB
        Both:  46.00 KB

MaxMetaspaceSize: 17179869184.00 GB
CompressedClassSpaceSize: 1.00 GB

CodeHeap 'non-profiled nmethods': size=120064Kb used=10483Kb max_used=10483Kb free=109580Kb
 bounds [0x0000027a39100000, 0x0000027a39b40000, 0x0000027a40640000]
CodeHeap 'profiled nmethods': size=120000Kb used=37032Kb max_used=37032Kb free=82967Kb
 bounds [0x0000027a31bd0000, 0x0000027a34000000, 0x0000027a39100000]
CodeHeap 'non-nmethods': size=5696Kb used=2350Kb max_used=2405Kb free=3345Kb
 bounds [0x0000027a31640000, 0x0000027a318b0000, 0x0000027a31bd0000]
 total_blobs=17212 nmethods=16241 adapters=882
 compilation: enabled
              stopped_count=0, restarted_count=0
 full_count=0

Compilation events (20 events):
Event: 413.544 Thread 0x0000027a47f09000 nmethod 16307 0x0000027a39b33f90 code [0x0000027a39b34140, 0x0000027a39b341f8]
Event: 413.544 Thread 0x0000027a47f09000 16308       3       kotlin.text.StringsKt__StringsKt::substringBefore$default (15 bytes)
Event: 413.545 Thread 0x0000027a47f09000 nmethod 16308 0x0000027a33fa5f10 code [0x0000027a33fa60c0, 0x0000027a33fa6208]
Event: 413.546 Thread 0x0000027a47f09000 16309       3       com.android.aaptcompiler.android.ResTableConfig::<init> (394 bytes)
Event: 413.550 Thread 0x0000027a47f09000 nmethod 16309 0x0000027a33fa6310 code [0x0000027a33fa68e0, 0x0000027a33fa9768]
Event: 413.554 Thread 0x0000027a47f09000 16310       3       org.gradle.api.internal.provider.ValidatingValueCollector::add (76 bytes)
Event: 413.556 Thread 0x0000027a47f09000 nmethod 16310 0x0000027a33faa910 code [0x0000027a33faac40, 0x0000027a33fabf58]
Event: 413.559 Thread 0x0000027a47f09000 16311   !   3       java.io.ObjectStreamClass::computeDefaultSUID (701 bytes)
Event: 413.568 Thread 0x0000027a47f09000 nmethod 16311 0x0000027a33fac610 code [0x0000027a33facfe0, 0x0000027a33fb2e98]
Event: 413.568 Thread 0x0000027a47f09000 16312 %     3       java.io.ObjectStreamClass$FieldReflector::getPrimFieldValues @ 14 (317 bytes)
Event: 413.569 Thread 0x0000027a47f09000 nmethod 16312% 0x0000027a33fb6490 code [0x0000027a33fb6740, 0x0000027a33fb7818]
Event: 413.570 Thread 0x0000027a47f09000 16313       3       java.io.ObjectStreamClass$FieldReflector::getPrimFieldValues (317 bytes)
Event: 413.572 Thread 0x0000027a47f09000 nmethod 16313 0x0000027a33fb7e10 code [0x0000027a33fb80c0, 0x0000027a33fb8ff8]
Event: 413.575 Thread 0x0000027a47f09000 16315 %     3       java.io.ObjectStreamClass$FieldReflector::getObjFieldValues @ 17 (99 bytes)
Event: 413.575 Thread 0x0000027a47f09000 nmethod 16315% 0x0000027a33fb9610 code [0x0000027a33fb9820, 0x0000027a33fb9ef8]
Event: 413.575 Thread 0x0000027a47f09000 16316 % !   3       java.io.ObjectOutputStream::defaultWriteFields @ 137 (284 bytes)
Event: 413.577 Thread 0x0000027a47f09000 nmethod 16316% 0x0000027a33fba210 code [0x0000027a33fba4e0, 0x0000027a33fbb338]
Event: 413.577 Thread 0x0000027a47f09000 16318       2       java.io.ObjectStreamClass::computeFieldOffsets (307 bytes)
Event: 413.578 Thread 0x0000027a47f09000 nmethod 16318 0x0000027a33fbbb10 code [0x0000027a33fbbd20, 0x0000027a33fbc2a8]
Event: 413.578 Thread 0x0000027a47f09000 16319       2       jdk.internal.reflect.AccessorGenerator::emitBoxingContantPoolEntries (1437 bytes)

GC Heap History (20 events):
Event: 407.743 GC heap before
{Heap before GC invocations=42 (full 0):
 garbage-first heap   total 225280K, used 190895K [0x0000000080000000, 0x0000000100000000)
  region size 1024K, 42 young (43008K), 1 survivors (1024K)
 Metaspace       used 135764K, capacity 139124K, committed 139380K, reserved 1169408K
  class space    used 17642K, capacity 18828K, committed 18892K, reserved 1048576K
}
Event: 407.761 GC heap after
{Heap after GC invocations=43 (full 0):
 garbage-first heap   total 225280K, used 154071K [0x0000000080000000, 0x0000000100000000)
  region size 1024K, 5 young (5120K), 5 survivors (5120K)
 Metaspace       used 135764K, capacity 139124K, committed 139380K, reserved 1169408K
  class space    used 17642K, capacity 18828K, committed 18892K, reserved 1048576K
}
Event: 408.353 GC heap before
{Heap before GC invocations=44 (full 0):
 garbage-first heap   total 225280K, used 190935K [0x0000000080000000, 0x0000000100000000)
  region size 1024K, 42 young (43008K), 5 survivors (5120K)
 Metaspace       used 135775K, capacity 139132K, committed 139380K, reserved 1169408K
  class space    used 17643K, capacity 18830K, committed 18892K, reserved 1048576K
}
Event: 408.366 GC heap after
{Heap after GC invocations=45 (full 0):
 garbage-first heap   total 225280K, used 156912K [0x0000000080000000, 0x0000000100000000)
  region size 1024K, 4 young (4096K), 4 survivors (4096K)
 Metaspace       used 135775K, capacity 139132K, committed 139380K, reserved 1169408K
  class space    used 17643K, capacity 18830K, committed 18892K, reserved 1048576K
}
Event: 408.507 GC heap before
{Heap before GC invocations=45 (full 0):
 garbage-first heap   total 225280K, used 163056K [0x0000000080000000, 0x0000000100000000)
  region size 1024K, 11 young (11264K), 4 survivors (4096K)
 Metaspace       used 136645K, capacity 140045K, committed 140276K, reserved 1171456K
  class space    used 17719K, capacity 18922K, committed 19020K, reserved 1048576K
}
Event: 408.517 GC heap after
{Heap after GC invocations=46 (full 0):
 garbage-first heap   total 225280K, used 155991K [0x0000000080000000, 0x0000000100000000)
  region size 1024K, 1 young (1024K), 1 survivors (1024K)
 Metaspace       used 136645K, capacity 140045K, committed 140276K, reserved 1171456K
  class space    used 17719K, capacity 18922K, committed 19020K, reserved 1048576K
}
Event: 409.271 GC heap before
{Heap before GC invocations=46 (full 0):
 garbage-first heap   total 225280K, used 190807K [0x0000000080000000, 0x0000000100000000)
  region size 1024K, 36 young (36864K), 1 survivors (1024K)
 Metaspace       used 138105K, capacity 141466K, committed 141684K, reserved 1171456K
  class space    used 17889K, capacity 19084K, committed 19148K, reserved 1048576K
}
Event: 409.285 GC heap after
{Heap after GC invocations=47 (full 0):
 garbage-first heap   total 225280K, used 158545K [0x0000000080000000, 0x0000000100000000)
  region size 1024K, 4 young (4096K), 4 survivors (4096K)
 Metaspace       used 138105K, capacity 141466K, committed 141684K, reserved 1171456K
  class space    used 17889K, capacity 19084K, committed 19148K, reserved 1048576K
}
Event: 410.066 GC heap before
{Heap before GC invocations=48 (full 0):
 garbage-first heap   total 225280K, used 194385K [0x0000000080000000, 0x0000000100000000)
  region size 1024K, 37 young (37888K), 4 survivors (4096K)
 Metaspace       used 138270K, capacity 141658K, committed 141940K, reserved 1171456K
  class space    used 17889K, capacity 19084K, committed 19148K, reserved 1048576K
}
Event: 410.089 GC heap after
{Heap after GC invocations=49 (full 0):
 garbage-first heap   total 225280K, used 172126K [0x0000000080000000, 0x0000000100000000)
  region size 1024K, 5 young (5120K), 5 survivors (5120K)
 Metaspace       used 138270K, capacity 141658K, committed 141940K, reserved 1171456K
  class space    used 17889K, capacity 19084K, committed 19148K, reserved 1048576K
}
Event: 410.187 GC heap before
{Heap before GC invocations=49 (full 0):
 garbage-first heap   total 225280K, used 178270K [0x0000000080000000, 0x0000000100000000)
  region size 1024K, 11 young (11264K), 5 survivors (5120K)
 Metaspace       used 138293K, capacity 141658K, committed 141940K, reserved 1171456K
  class space    used 17889K, capacity 19084K, committed 19148K, reserved 1048576K
}
Event: 410.204 GC heap after
{Heap after GC invocations=50 (full 0):
 garbage-first heap   total 225280K, used 173056K [0x0000000080000000, 0x0000000100000000)
  region size 1024K, 2 young (2048K), 2 survivors (2048K)
 Metaspace       used 138293K, capacity 141658K, committed 141940K, reserved 1171456K
  class space    used 17889K, capacity 19084K, committed 19148K, reserved 1048576K
}
Event: 410.532 GC heap before
{Heap before GC invocations=50 (full 0):
 garbage-first heap   total 225280K, used 191488K [0x0000000080000000, 0x0000000100000000)
  region size 1024K, 20 young (20480K), 2 survivors (2048K)
 Metaspace       used 138923K, capacity 142332K, committed 142580K, reserved 1173504K
  class space    used 17948K, capacity 19181K, committed 19276K, reserved 1048576K
}
Event: 410.543 GC heap after
{Heap after GC invocations=51 (full 0):
 garbage-first heap   total 270336K, used 177861K [0x0000000080000000, 0x0000000100000000)
  region size 1024K, 3 young (3072K), 3 survivors (3072K)
 Metaspace       used 138923K, capacity 142332K, committed 142580K, reserved 1173504K
  class space    used 17948K, capacity 19181K, committed 19276K, reserved 1048576K
}
Event: 411.493 GC heap before
{Heap before GC invocations=51 (full 0):
 garbage-first heap   total 270336K, used 219845K [0x0000000080000000, 0x0000000100000000)
  region size 1024K, 36 young (36864K), 3 survivors (3072K)
 Metaspace       used 139725K, capacity 143223K, committed 143476K, reserved 1173504K
  class space    used 18028K, capacity 19266K, committed 19404K, reserved 1048576K
}
Event: 411.509 GC heap after
{Heap after GC invocations=52 (full 0):
 garbage-first heap   total 270336K, used 181535K [0x0000000080000000, 0x0000000100000000)
  region size 1024K, 4 young (4096K), 4 survivors (4096K)
 Metaspace       used 139725K, capacity 143223K, committed 143476K, reserved 1173504K
  class space    used 18028K, capacity 19266K, committed 19404K, reserved 1048576K
}
Event: 412.209 GC heap before
{Heap before GC invocations=52 (full 0):
 garbage-first heap   total 270336K, used 215327K [0x0000000080000000, 0x0000000100000000)
  region size 1024K, 37 young (37888K), 4 survivors (4096K)
 Metaspace       used 141786K, capacity 145263K, committed 145396K, reserved 1175552K
  class space    used 18292K, capacity 19498K, committed 19532K, reserved 1048576K
}
Event: 412.222 GC heap after
{Heap after GC invocations=53 (full 0):
 garbage-first heap   total 270336K, used 183373K [0x0000000080000000, 0x0000000100000000)
  region size 1024K, 2 young (2048K), 2 survivors (2048K)
 Metaspace       used 141786K, capacity 145263K, committed 145396K, reserved 1175552K
  class space    used 18292K, capacity 19498K, committed 19532K, reserved 1048576K
}
Event: 412.515 GC heap before
{Heap before GC invocations=53 (full 0):
 garbage-first heap   total 270336K, used 218189K [0x0000000080000000, 0x0000000100000000)
  region size 1024K, 36 young (36864K), 2 survivors (2048K)
 Metaspace       used 141790K, capacity 145263K, committed 145396K, reserved 1175552K
  class space    used 18292K, capacity 19498K, committed 19532K, reserved 1048576K
}
Event: 412.520 GC heap after
{Heap after GC invocations=54 (full 0):
 garbage-first heap   total 270336K, used 183024K [0x0000000080000000, 0x0000000100000000)
  region size 1024K, 2 young (2048K), 2 survivors (2048K)
 Metaspace       used 141790K, capacity 145263K, committed 145396K, reserved 1175552K
  class space    used 18292K, capacity 19498K, committed 19532K, reserved 1048576K
}

Deoptimization events (20 events):
Event: 413.136 Thread 0x0000027a48eb8000 Uncommon trap: trap_request=0xffffffde fr.pc=0x0000027a39ab44a0 relative=0x00000000000002e0
Event: 413.136 Thread 0x0000027a48eb8000 Uncommon trap: reason=class_check action=maybe_recompile pc=0x0000027a39ab44a0 method=org.apache.xerces.dom.ElementImpl.getAttributes()Lorg/w3c/dom/NamedNodeMap; @ 8 c2
Event: 413.136 Thread 0x0000027a48eb8000 DEOPT PACKING pc=0x0000027a39ab44a0 sp=0x000000a8579fa2d0
Event: 413.136 Thread 0x0000027a48eb8000 DEOPT UNPACKING pc=0x0000027a3166662f sp=0x000000a8579fa2a8 mode 2
Event: 413.136 Thread 0x0000027a48eb8000 Uncommon trap: trap_request=0xffffffde fr.pc=0x0000027a39ab44a0 relative=0x00000000000002e0
Event: 413.136 Thread 0x0000027a48eb8000 Uncommon trap: reason=class_check action=maybe_recompile pc=0x0000027a39ab44a0 method=org.apache.xerces.dom.ElementImpl.getAttributes()Lorg/w3c/dom/NamedNodeMap; @ 8 c2
Event: 413.136 Thread 0x0000027a48eb8000 DEOPT PACKING pc=0x0000027a39ab44a0 sp=0x000000a8579fa2d0
Event: 413.136 Thread 0x0000027a48eb8000 DEOPT UNPACKING pc=0x0000027a3166662f sp=0x000000a8579fa2a8 mode 2
Event: 413.236 Thread 0x0000027a48eb8000 Uncommon trap: trap_request=0xffffff4d fr.pc=0x0000027a39ada8dc relative=0x0000000000003a7c
Event: 413.236 Thread 0x0000027a48eb8000 Uncommon trap: reason=unstable_if action=reinterpret pc=0x0000027a39ada8dc method=com.android.utils.XmlUtils.toXmlAttributeValue(Ljava/lang/String;)Ljava/lang/String; @ 33 c2
Event: 413.236 Thread 0x0000027a48eb8000 DEOPT PACKING pc=0x0000027a39ada8dc sp=0x000000a8579fa2b0
Event: 413.236 Thread 0x0000027a48eb8000 DEOPT UNPACKING pc=0x0000027a3166662f sp=0x000000a8579fa1f8 mode 2
Event: 413.236 Thread 0x0000027a48eb8000 Uncommon trap: trap_request=0xffffff4d fr.pc=0x0000027a39aad0fc relative=0x000000000000051c
Event: 413.236 Thread 0x0000027a48eb8000 Uncommon trap: reason=unstable_if action=reinterpret pc=0x0000027a39aad0fc method=com.android.utils.XmlUtils.toXmlAttributeValue(Ljava/lang/String;)Ljava/lang/String; @ 33 c2
Event: 413.236 Thread 0x0000027a48eb8000 DEOPT PACKING pc=0x0000027a39aad0fc sp=0x000000a8579fa240
Event: 413.236 Thread 0x0000027a48eb8000 DEOPT UNPACKING pc=0x0000027a3166662f sp=0x000000a8579fa1e8 mode 2
Event: 413.368 Thread 0x0000027a48eb8000 Uncommon trap: trap_request=0xffffff4d fr.pc=0x0000027a39add554 relative=0x00000000000066f4
Event: 413.368 Thread 0x0000027a48eb8000 Uncommon trap: reason=unstable_if action=reinterpret pc=0x0000027a39add554 method=com.android.utils.XmlUtils.append(Lcom/android/utils/XmlUtils$PositionAwareStringBuilder;Lorg/w3c/dom/Node;Ljava/util/Map;Ljava/util/Set;)V @ 546 c2
Event: 413.368 Thread 0x0000027a48eb8000 DEOPT PACKING pc=0x0000027a39add554 sp=0x000000a8579fa390
Event: 413.368 Thread 0x0000027a48eb8000 DEOPT UNPACKING pc=0x0000027a3166662f sp=0x000000a8579fa368 mode 2

Classes redefined (0 events):
No events

Internal exceptions (20 events):
Event: 408.654 Thread 0x0000027a48eb3800 Exception <a 'java/lang/NoSuchMethodError'{0x000000008d3d0ca0}: 'void java.lang.invoke.DirectMethodHandle$Holder.invokeStatic(java.lang.Object, java.lang.Object, java.lang.Object, java.lang.Object, java.lang.Object, java.lang.Object, java.lang.Object)'> (0x000000008d3d0ca0) thrown at [./src/hotspot/share/interpreter/linkResolver.cpp, line 773]
Event: 408.676 Thread 0x0000027a4fefb800 Exception <a 'java/lang/NoSuchMethodError'{0x000000008d2c5550}: <clinit>> (0x000000008d2c5550) thrown at [./src/hotspot/share/prims/jni.cpp, line 1362]
Event: 410.700 Thread 0x0000027a48eb8000 Exception <a 'java/lang/NoSuchMethodError'{0x00000000900f28e0}: <clinit>> (0x00000000900f28e0) thrown at [./src/hotspot/share/prims/jni.cpp, line 1362]
Event: 410.701 Thread 0x0000027a48eb8000 Exception <a 'java/lang/NoSuchMethodError'{0x000000008ff1be88}: <clinit>> (0x000000008ff1be88) thrown at [./src/hotspot/share/prims/jni.cpp, line 1362]
Event: 410.712 Thread 0x0000027a48eb8000 Exception <a 'java/lang/NoSuchMethodError'{0x000000008ff8b308}: <clinit>> (0x000000008ff8b308) thrown at [./src/hotspot/share/prims/jni.cpp, line 1362]
Event: 410.712 Thread 0x0000027a48eb8000 Exception <a 'java/lang/NoSuchMethodError'{0x000000008ff8ded0}: <clinit>> (0x000000008ff8ded0) thrown at [./src/hotspot/share/prims/jni.cpp, line 1362]
Event: 410.713 Thread 0x0000027a48eb8000 Exception <a 'java/lang/NoSuchMethodError'{0x000000008ff928b0}: <clinit>> (0x000000008ff928b0) thrown at [./src/hotspot/share/prims/jni.cpp, line 1362]
Event: 410.714 Thread 0x0000027a48eb8000 Exception <a 'java/lang/NoSuchMethodError'{0x000000008ff9e2a8}: <clinit>> (0x000000008ff9e2a8) thrown at [./src/hotspot/share/prims/jni.cpp, line 1362]
Event: 410.720 Thread 0x0000027a48eb8000 Exception <a 'java/lang/NoSuchMethodError'{0x000000008fff5668}: <clinit>> (0x000000008fff5668) thrown at [./src/hotspot/share/prims/jni.cpp, line 1362]
Event: 410.724 Thread 0x0000027a48eb8000 Exception <a 'java/lang/NoSuchMethodError'{0x000000008fe27758}: <clinit>> (0x000000008fe27758) thrown at [./src/hotspot/share/prims/jni.cpp, line 1362]
Event: 410.724 Thread 0x0000027a48eb8000 Exception <a 'java/lang/NoSuchMethodError'{0x000000008fe2abc0}: <clinit>> (0x000000008fe2abc0) thrown at [./src/hotspot/share/prims/jni.cpp, line 1362]
Event: 410.724 Thread 0x0000027a48eb8000 Exception <a 'java/lang/NoSuchMethodError'{0x000000008fe2d830}: <clinit>> (0x000000008fe2d830) thrown at [./src/hotspot/share/prims/jni.cpp, line 1362]
Event: 410.726 Thread 0x0000027a48eb8000 Exception <a 'java/lang/NoSuchMethodError'{0x000000008fe45840}: <clinit>> (0x000000008fe45840) thrown at [./src/hotspot/share/prims/jni.cpp, line 1362]
Event: 410.727 Thread 0x0000027a48eb8000 Exception <a 'java/lang/NoSuchMethodError'{0x000000008fe5cb60}: <clinit>> (0x000000008fe5cb60) thrown at [./src/hotspot/share/prims/jni.cpp, line 1362]
Event: 410.729 Thread 0x0000027a48eb8000 Exception <a 'java/lang/NoSuchMethodError'{0x000000008fe715e0}: <clinit>> (0x000000008fe715e0) thrown at [./src/hotspot/share/prims/jni.cpp, line 1362]
Event: 410.733 Thread 0x0000027a48eb8000 Exception <a 'java/lang/NoSuchMethodError'{0x000000008fe942e0}: <clinit>> (0x000000008fe942e0) thrown at [./src/hotspot/share/prims/jni.cpp, line 1362]
Event: 410.736 Thread 0x0000027a48eb8000 Exception <a 'java/lang/NoSuchMethodError'{0x000000008feb9670}: <clinit>> (0x000000008feb9670) thrown at [./src/hotspot/share/prims/jni.cpp, line 1362]
Event: 410.737 Thread 0x0000027a48eb8000 Exception <a 'java/lang/NoSuchMethodError'{0x000000008fecdc30}: <clinit>> (0x000000008fecdc30) thrown at [./src/hotspot/share/prims/jni.cpp, line 1362]
Event: 413.368 Thread 0x0000027a48eb8000 Implicit null exception at 0x0000027a39ad8288 to 0x0000027a39add50c
Event: 413.581 Thread 0x0000027a48eb8000 Exception <a 'java/lang/NoSuchMethodError'{0x000000008f7f42d0}: <clinit>> (0x000000008f7f42d0) thrown at [./src/hotspot/share/prims/jni.cpp, line 1362]

Events (20 events):
Event: 413.516 loading class com/android/aaptcompiler/android/ResTableConfig
Event: 413.516 loading class com/android/aaptcompiler/android/ResTableConfig done
Event: 413.520 loading class com/android/aaptcompiler/android/ResTableConfig$Companion
Event: 413.520 loading class com/android/aaptcompiler/android/ResTableConfig$Companion done
Event: 413.521 loading class com/android/aaptcompiler/LocaleValue
Event: 413.521 loading class com/android/aaptcompiler/LocaleValue done
Event: 413.522 loading class com/android/aaptcompiler/ResourcePathData
Event: 413.522 loading class com/android/aaptcompiler/ResourcePathData done
Event: 413.523 loading class com/android/aaptcompiler/AaptResourceTypeKt
Event: 413.523 loading class com/android/aaptcompiler/AaptResourceTypeKt done
Event: 413.524 loading class com/android/aaptcompiler/ConfigDescriptionParsersKt
Event: 413.524 loading class com/android/aaptcompiler/ConfigDescriptionParsersKt done
Event: 413.538 loading class com/android/aaptcompiler/AaptResourceType
Event: 413.538 loading class com/android/aaptcompiler/AaptResourceType done
Event: 413.549 loading class com/android/build/gradle/internal/res/ResourceCompilerRunnable
Event: 413.549 loading class com/android/build/gradle/internal/res/ResourceCompilerRunnable done
Event: 413.550 loading class com/android/build/gradle/internal/aapt/WorkerExecutorResourceCompilationService$close$1$1
Event: 413.550 loading class com/android/build/gradle/internal/aapt/WorkerExecutorResourceCompilationService$close$1$1 done
Event: 413.552 loading class com/android/build/gradle/internal/res/ResourceCompilerRunnable$Params
Event: 413.552 loading class com/android/build/gradle/internal/res/ResourceCompilerRunnable$Params done


Dynamic libraries:
0x00007ff717890000 - 0x00007ff71789a000 	C:\Program Files\Android\Android Studio\jre\bin\java.exe
0x00007ffe53510000 - 0x00007ffe53705000 	C:\WINDOWS\SYSTEM32\ntdll.dll
0x00007ffe53410000 - 0x00007ffe534ce000 	C:\WINDOWS\System32\KERNEL32.DLL
0x00007ffe51250000 - 0x00007ffe51518000 	C:\WINDOWS\System32\KERNELBASE.dll
0x00007ffe50cd0000 - 0x00007ffe50dd0000 	C:\WINDOWS\System32\ucrtbase.dll
0x00007ffe491e0000 - 0x00007ffe491f9000 	C:\Program Files\Android\Android Studio\jre\bin\jli.dll
0x00007ffe49200000 - 0x00007ffe49217000 	C:\Program Files\Android\Android Studio\jre\bin\VCRUNTIME140.dll
0x00007ffe531d0000 - 0x00007ffe53370000 	C:\WINDOWS\System32\USER32.dll
0x00007ffe51220000 - 0x00007ffe51242000 	C:\WINDOWS\System32\win32u.dll
0x00007ffe3a160000 - 0x00007ffe3a3fa000 	C:\WINDOWS\WinSxS\amd64_microsoft.windows.common-controls_6595b64144ccf1df_6.0.19041.1110_none_60b5254171f9507e\COMCTL32.dll
0x00007ffe51fc0000 - 0x00007ffe51feb000 	C:\WINDOWS\System32\GDI32.dll
0x00007ffe51080000 - 0x00007ffe5118b000 	C:\WINDOWS\System32\gdi32full.dll
0x00007ffe529c0000 - 0x00007ffe52a5e000 	C:\WINDOWS\System32\msvcrt.dll
0x00007ffe50fe0000 - 0x00007ffe5107d000 	C:\WINDOWS\System32\msvcp_win.dll
0x00007ffe52630000 - 0x00007ffe52660000 	C:\WINDOWS\System32\IMM32.DLL
0x00007ffe22130000 - 0x00007ffe221cd000 	C:\Program Files\Android\Android Studio\jre\bin\msvcp140.dll
0x00007ffe1a770000 - 0x00007ffe1b245000 	C:\Program Files\Android\Android Studio\jre\bin\server\jvm.dll
0x00007ffe52910000 - 0x00007ffe529be000 	C:\WINDOWS\System32\ADVAPI32.dll
0x00007ffe53370000 - 0x00007ffe5340c000 	C:\WINDOWS\System32\sechost.dll
0x00007ffe527e0000 - 0x00007ffe52905000 	C:\WINDOWS\System32\RPCRT4.dll
0x00007ffe52620000 - 0x00007ffe52628000 	C:\WINDOWS\System32\PSAPI.DLL
0x00007ffe3d370000 - 0x00007ffe3d379000 	C:\WINDOWS\SYSTEM32\WSOCK32.dll
0x00007ffe525a0000 - 0x00007ffe5260b000 	C:\WINDOWS\System32\WS2_32.dll
0x00007ffe39b10000 - 0x00007ffe39b37000 	C:\WINDOWS\SYSTEM32\WINMM.dll
0x00007ffe4a870000 - 0x00007ffe4a87a000 	C:\WINDOWS\SYSTEM32\VERSION.dll
0x00007ffe4f520000 - 0x00007ffe4f532000 	C:\WINDOWS\SYSTEM32\kernel.appcore.dll
0x00007ffe49190000 - 0x00007ffe491a1000 	C:\Program Files\Android\Android Studio\jre\bin\verify.dll
0x00007ffe4f1e0000 - 0x00007ffe4f3c4000 	C:\WINDOWS\SYSTEM32\DBGHELP.DLL
0x00007ffe3cbe0000 - 0x00007ffe3cc0c000 	C:\WINDOWS\SYSTEM32\dbgcore.DLL
0x00007ffe51190000 - 0x00007ffe51212000 	C:\WINDOWS\System32\bcryptPrimitives.dll
0x00007ffe490f0000 - 0x00007ffe49119000 	C:\Program Files\Android\Android Studio\jre\bin\java.dll
0x00007ffe496f0000 - 0x00007ffe496fb000 	C:\Program Files\Android\Android Studio\jre\bin\jimage.dll
0x00007ffe490d0000 - 0x00007ffe490e8000 	C:\Program Files\Android\Android Studio\jre\bin\zip.dll
0x00007ffe52a80000 - 0x00007ffe531c4000 	C:\WINDOWS\System32\SHELL32.dll
0x00007ffe4e970000 - 0x00007ffe4f104000 	C:\WINDOWS\SYSTEM32\windows.storage.dll
0x00007ffe520a0000 - 0x00007ffe523f4000 	C:\WINDOWS\System32\combase.dll
0x00007ffe50690000 - 0x00007ffe506bc000 	C:\WINDOWS\SYSTEM32\Wldp.dll
0x00007ffe524f0000 - 0x00007ffe5259d000 	C:\WINDOWS\System32\SHCORE.dll
0x00007ffe52480000 - 0x00007ffe524d5000 	C:\WINDOWS\System32\shlwapi.dll
0x00007ffe50b70000 - 0x00007ffe50b8f000 	C:\WINDOWS\SYSTEM32\profapi.dll
0x00007ffe3fd30000 - 0x00007ffe3fd4a000 	C:\Program Files\Android\Android Studio\jre\bin\net.dll
0x00007ffe40740000 - 0x00007ffe40849000 	C:\WINDOWS\SYSTEM32\WINHTTP.dll
0x00007ffe503f0000 - 0x00007ffe5045a000 	C:\WINDOWS\system32\mswsock.dll
0x00007ffe3fd10000 - 0x00007ffe3fd24000 	C:\Program Files\Android\Android Studio\jre\bin\nio.dll
0x00007ffe2b820000 - 0x00007ffe2b847000 	C:\Users\Rahul\.gradle\native\e1d6ef7f7dcc3fd88c89a11ec53ec762bb8ba0a96d01ffa2cd45eb1d1d8dd5c5\windows-amd64\native-platform.dll
0x00007ffe19cc0000 - 0x00007ffe19e04000 	C:\Users\Rahul\.gradle\native\5664cfc778a61ccfe75a443a1ab52a65af34e5dc3c78e0209fed803814484fcb\windows-amd64\native-platform-file-events.dll
0x00007ffe490c0000 - 0x00007ffe490ca000 	C:\Program Files\Android\Android Studio\jre\bin\management.dll
0x00007ffe48f70000 - 0x00007ffe48f7d000 	C:\Program Files\Android\Android Studio\jre\bin\management_ext.dll
0x00007ffe505e0000 - 0x00007ffe505f8000 	C:\WINDOWS\SYSTEM32\CRYPTSP.dll
0x00007ffe4fd00000 - 0x00007ffe4fd34000 	C:\WINDOWS\system32\rsaenh.dll
0x00007ffe50ca0000 - 0x00007ffe50cc7000 	C:\WINDOWS\System32\bcrypt.dll
0x00007ffe50af0000 - 0x00007ffe50b1e000 	C:\WINDOWS\SYSTEM32\USERENV.dll
0x00007ffe50600000 - 0x00007ffe5060c000 	C:\WINDOWS\SYSTEM32\CRYPTBASE.dll
0x00007ffe50090000 - 0x00007ffe500cb000 	C:\WINDOWS\SYSTEM32\IPHLPAPI.DLL
0x00007ffe524e0000 - 0x00007ffe524e8000 	C:\WINDOWS\System32\NSI.dll
0x00007ffe46670000 - 0x00007ffe46687000 	C:\WINDOWS\SYSTEM32\dhcpcsvc6.DLL
0x00007ffe47530000 - 0x00007ffe4754d000 	C:\WINDOWS\SYSTEM32\dhcpcsvc.DLL
0x00007ffe500e0000 - 0x00007ffe501aa000 	C:\WINDOWS\SYSTEM32\DNSAPI.dll
0x00007ffe4f930000 - 0x00007ffe4f963000 	C:\WINDOWS\SYSTEM32\ntmarta.dll

dbghelp: loaded successfully - version: 4.0.5 - missing functions: none
symbol engine: initialized successfully - sym options: 0x614 - pdb path: .;C:\Program Files\Android\Android Studio\jre\bin;C:\WINDOWS\SYSTEM32;C:\WINDOWS\WinSxS\amd64_microsoft.windows.common-controls_6595b64144ccf1df_6.0.19041.1110_none_60b5254171f9507e;C:\Program Files\Android\Android Studio\jre\bin\server;C:\Users\Rahul\.gradle\native\e1d6ef7f7dcc3fd88c89a11ec53ec762bb8ba0a96d01ffa2cd45eb1d1d8dd5c5\windows-amd64;C:\Users\Rahul\.gradle\native\5664cfc778a61ccfe75a443a1ab52a65af34e5dc3c78e0209fed803814484fcb\windows-amd64

VM Arguments:
jvm_args: --add-opens=java.base/java.util=ALL-UNNAMED --add-opens=java.base/java.lang=ALL-UNNAMED --add-opens=java.base/java.lang.invoke=ALL-UNNAMED --add-opens=java.base/java.util=ALL-UNNAMED --add-opens=java.prefs/java.util.prefs=ALL-UNNAMED --add-opens=java.prefs/java.util.prefs=ALL-UNNAMED --add-opens=java.base/java.nio.charset=ALL-UNNAMED --add-opens=java.base/java.net=ALL-UNNAMED --add-opens=java.base/java.util.concurrent.atomic=ALL-UNNAMED -Xmx2048m -Dfile.encoding=UTF-8 -Duser.country=US -Duser.language=en -Duser.variant 
java_command: org.gradle.launcher.daemon.bootstrap.GradleDaemon 7.2
java_class_path (initial): C:\Users\Rahul\.gradle\wrapper\dists\gradle-7.2-bin\2dnblmf4td7x66yl1d74lt32g\gradle-7.2\lib\gradle-launcher-7.2.jar
Launcher Type: SUN_STANDARD

[Global flags]
     intx CICompilerCount                          = 3                                         {product} {ergonomic}
     uint ConcGCThreads                            = 1                                         {product} {ergonomic}
     uint G1ConcRefinementThreads                  = 4                                         {product} {ergonomic}
   size_t G1HeapRegionSize                         = 1048576                                   {product} {ergonomic}
    uintx GCDrainStackTargetSize                   = 64                                        {product} {ergonomic}
   size_t InitialHeapSize                          = 132120576                                 {product} {ergonomic}
   size_t MarkStackSize                            = 4194304                                   {product} {ergonomic}
   size_t MaxHeapSize                              = 2147483648                                {product} {command line}
   size_t MaxNewSize                               = 1287651328                                {product} {ergonomic}
   size_t MinHeapDeltaBytes                        = 1048576                                   {product} {ergonomic}
    uintx NonNMethodCodeHeapSize                   = 5830732                                {pd product} {ergonomic}
    uintx NonProfiledCodeHeapSize                  = 122913754                              {pd product} {ergonomic}
    uintx ProfiledCodeHeapSize                     = 122913754                              {pd product} {ergonomic}
    uintx ReservedCodeCacheSize                    = 251658240                              {pd product} {ergonomic}
     bool SegmentedCodeCache                       = true                                      {product} {ergonomic}
     bool UseCompressedClassPointers               = true                                 {lp64_product} {ergonomic}
     bool UseCompressedOops                        = true                                 {lp64_product} {ergonomic}
     bool UseG1GC                                  = true                                      {product} {ergonomic}
     bool UseLargePagesIndividualAllocation        = false                                  {pd product} {ergonomic}

Logging:
Log output configuration:
 #0: stdout all=warning uptime,level,tags
 #1: stderr all=off uptime,level,tags

Environment Variables:
JAVA_HOME=C:\Program Files\Java\jdk-16.0.1
PATH=C:\Python310\Scripts\;C:\Python310\;C:\Program Files\Common Files\Oracle\Java\javapath;C:\Program Files (x86)\Common Files\Oracle\Java\javapath;C:\Python38\Scripts\;C:\Python38\;C:\Program Files\Java\jdk1.8.0_191\bin;C:\Program Files (x86)\NVIDIA Corporation\PhysX\Common;C:\WINDOWS\system32;C:\WINDOWS;C:\WINDOWS\System32\Wbem;C:\WINDOWS\System32\WindowsPowerShell\v1.0\;C:\WINDOWS\System32\OpenSSH\;C:\ProgramData\chocolatey\bin;C:\Program Files\Microsoft VS Code\bin;C:\xampp\php;C:\composer;C:\Program Files\Git\cmd;C:\Program Files\Java\jdk-16.0.1\bin;C:\Program Files\Java\jdk1.8.0_191\bin;C:\Program Files\JetBrains\PyCharm Community Edition 2019.2.1\bin;;C:\Users\Rahul\AppData\Local\Microsoft\WindowsApps;C:\Users\Rahul\AppData\Roaming\Composer\vendor\bin;C:\Program Files\JetBrains\IntelliJ IDEA 2021.1\bin;;C:\Program Files\JetBrains\IntelliJ IDEA Community Edition 2021.1\bin;
USERNAME=Rahul
OS=Windows_NT
PROCESSOR_IDENTIFIER=Intel64 Family 6 Model 78 Stepping 3, GenuineIntel



---------------  S Y S T E M  ---------------

OS: Windows 10 , 64 bit Build 19041 (10.0.19041.1566)
OS uptime: 0 days 11:43 hours

CPU:total 4 (initial active 4) (2 cores per cpu, 2 threads per core) family 6 model 78 stepping 3 microcode 0xcc, cmov, cx8, fxsr, mmx, sse, sse2, sse3, ssse3, sse4.1, sse4.2, popcnt, avx, avx2, aes, clmul, erms, 3dnowpref, lzcnt, ht, tsc, tscinvbit, bmi1, bmi2, adx, fma

Memory: 4k page, system-wide physical 8053M (942M free)
TotalPageFile size 26566M (AvailPageFile size 4M)
current process WorkingSet (physical memory assigned to process): 607M, peak: 612M
current process commit charge ("private bytes"): 644M, peak: 650M

vm_info: OpenJDK 64-Bit Server VM (11.0.11+9-b60-7590822) for windows-amd64 JRE (11.0.11+9-b60-7590822), built on Jul 29 2021 21:43:44 by "builder" with MS VC++ 14.0 (VS2015)

END.
